This is pdfTeX, Version 3.141592653-2.6-1.40.25 (TeX Live 2023/Debian) (preloaded format=pdflatex 2024.10.7)  23 JUN 2025 09:34
entering extended mode
 restricted \write18 enabled.
 file:line:error style messages enabled.
 %&-line parsing enabled.
**/home/nyaucki/Documents/Prof/CoursMaths/5eme/5_TrivialPursuit/part2b.tex
(/home/nyaucki/Documents/Prof/CoursMaths/5eme/5_TrivialPursuit/part2b.tex
LaTeX2e <2023-11-01> patch level 1
L3 programming layer <2024-01-22>
(/usr/share/texlive/texmf-dist/tex/latex/base/article.cls
Document Class: article 2023/05/17 v1.4n Standard LaTeX document class
(/usr/share/texlive/texmf-dist/tex/latex/base/size10.clo
File: size10.clo 2023/05/17 v1.4n Standard LaTeX file (size option)
)
\c@part=\count187
\c@section=\count188
\c@subsection=\count189
\c@subsubsection=\count190
\c@paragraph=\count191
\c@subparagraph=\count192
\c@figure=\count193
\c@table=\count194
\abovecaptionskip=\skip48
\belowcaptionskip=\skip49
\bibindent=\dimen140
) (/usr/share/texlive/texmf-dist/tex/latex/pdfpages/pdfpages.sty
Package: pdfpages 2024/01/21 v0.5y Insert pages of external PDF documents (AM)
 (/usr/share/texlive/texmf-dist/tex/latex/base/ifthen.sty
Package: ifthen 2022/04/13 v1.1d Standard LaTeX ifthen package (DPC)
) (/usr/share/texlive/texmf-dist/tex/latex/tools/calc.sty
Package: calc 2023/07/08 v4.3 Infix arithmetic (KKT,FJ)
\calc@Acount=\count195
\calc@Bcount=\count196
\calc@Adimen=\dimen141
\calc@Bdimen=\dimen142
\calc@Askip=\skip50
\calc@Bskip=\skip51
LaTeX Info: Redefining \setlength on input line 80.
LaTeX Info: Redefining \addtolength on input line 81.
\calc@Ccount=\count197
\calc@Cskip=\skip52
) (/usr/share/texlive/texmf-dist/tex/latex/eso-pic/eso-pic.sty
Package: eso-pic 2023/05/03 v3.0c eso-pic (RN)
\ESO@tempdima=\dimen143
\ESO@tempdimb=\dimen144
 (/usr/share/texlive/texmf-dist/tex/latex/graphics/keyval.sty
Package: keyval 2022/05/29 v1.15 key=value parser (DPC)
\KV@toks@=\toks17
) (/usr/share/texlive/texmf-dist/tex/latex/xcolor/xcolor.sty
Package: xcolor 2023/11/15 v3.01 LaTeX color extensions (UK)
 (/usr/share/texlive/texmf-dist/tex/latex/graphics-cfg/color.cfg
File: color.cfg 2016/01/02 v1.6 sample color configuration
)
Package xcolor Info: Driver file: pdftex.def on input line 274.
 (/usr/share/texlive/texmf-dist/tex/latex/graphics-def/pdftex.def
File: pdftex.def 2022/09/22 v1.2b Graphics/color driver for pdftex
) (/usr/share/texlive/texmf-dist/tex/latex/graphics/mathcolor.ltx)
Package xcolor Info: Model `cmy' substituted by `cmy0' on input line 1350.
Package xcolor Info: Model `hsb' substituted by `rgb' on input line 1354.
Package xcolor Info: Model `RGB' extended on input line 1366.
Package xcolor Info: Model `HTML' substituted by `rgb' on input line 1368.
Package xcolor Info: Model `Hsb' substituted by `hsb' on input line 1369.
Package xcolor Info: Model `tHsb' substituted by `hsb' on input line 1370.
Package xcolor Info: Model `HSB' substituted by `hsb' on input line 1371.
Package xcolor Info: Model `Gray' substituted by `gray' on input line 1372.
Package xcolor Info: Model `wave' substituted by `hsb' on input line 1373.
)) (/usr/share/texlive/texmf-dist/tex/latex/graphics/graphicx.sty
Package: graphicx 2021/09/16 v1.2d Enhanced LaTeX Graphics (DPC,SPQR)
 (/usr/share/texlive/texmf-dist/tex/latex/graphics/graphics.sty
Package: graphics 2022/03/10 v1.4e Standard LaTeX Graphics (DPC,SPQR)
 (/usr/share/texlive/texmf-dist/tex/latex/graphics/trig.sty
Package: trig 2021/08/11 v1.11 sin cos tan (DPC)
) (/usr/share/texlive/texmf-dist/tex/latex/graphics-cfg/graphics.cfg
File: graphics.cfg 2016/06/04 v1.11 sample graphics configuration
)
Package graphics Info: Driver file: pdftex.def on input line 107.
)
\Gin@req@height=\dimen145
\Gin@req@width=\dimen146
)
\AM@pagewidth=\dimen147
\AM@pageheight=\dimen148
\AM@fboxrule=\dimen149
 (/usr/share/texlive/texmf-dist/tex/latex/pdfpages/pppdftex.def
File: pppdftex.def 2024/01/21 v0.5y Pdfpages driver for pdfTeX (AM)
)
\pdfpages@includegraphics@status=\count198
\AM@pagebox=\box51
\AM@global@opts=\toks18
\AM@pagecnt=\count199
\AM@toc@title=\toks19
\AM@lof@heading=\toks20
\c@AM@survey=\count266
\AM@templatesizebox=\box52
) (/usr/share/texlive/texmf-dist/tex/latex/l3backend/l3backend-pdftex.def
File: l3backend-pdftex.def 2024-01-04 L3 backend support: PDF output (pdfTeX)
\l__color_backend_stack_int=\count267
\l__pdf_internal_box=\box53
) (./part2b.aux)
\openout1 = `part2b.aux'.

LaTeX Font Info:    Checking defaults for OML/cmm/m/it on input line 3.
LaTeX Font Info:    ... okay on input line 3.
LaTeX Font Info:    Checking defaults for OMS/cmsy/m/n on input line 3.
LaTeX Font Info:    ... okay on input line 3.
LaTeX Font Info:    Checking defaults for OT1/cmr/m/n on input line 3.
LaTeX Font Info:    ... okay on input line 3.
LaTeX Font Info:    Checking defaults for T1/cmr/m/n on input line 3.
LaTeX Font Info:    ... okay on input line 3.
LaTeX Font Info:    Checking defaults for TS1/cmr/m/n on input line 3.
LaTeX Font Info:    ... okay on input line 3.
LaTeX Font Info:    Checking defaults for OMX/cmex/m/n on input line 3.
LaTeX Font Info:    ... okay on input line 3.
LaTeX Font Info:    Checking defaults for U/cmr/m/n on input line 3.
LaTeX Font Info:    ... okay on input line 3.
 (/usr/share/texlive/texmf-dist/tex/context/base/mkii/supp-pdf.mkii
[Loading MPS to PDF converter (version 2006.09.02).]
\scratchcounter=\count268
\scratchdimen=\dimen150
\scratchbox=\box54
\nofMPsegments=\count269
\nofMParguments=\count270
\everyMPshowfont=\toks21
\MPscratchCnt=\count271
\MPscratchDim=\dimen151
\MPnumerator=\count272
\makeMPintoPDFobject=\count273
\everyMPtoPDFconversion=\toks22
) (/usr/share/texlive/texmf-dist/tex/latex/epstopdf-pkg/epstopdf-base.sty
Package: epstopdf-base 2020-01-24 v2.11 Base part for package epstopdf
Package epstopdf-base Info: Redefining graphics rule for `.eps' on input line 485.
 (/usr/share/texlive/texmf-dist/tex/latex/latexconfig/epstopdf-sys.cfg
File: epstopdf-sys.cfg 2010/07/13 v1.3 Configuration of (r)epstopdf for TeX Live
)) (/usr/share/texlive/texmf-dist/tex/latex/pdflscape/pdflscape.sty
Package: pdflscape 2022-10-27 v0.13 Display of landscape pages in PDF
 (/usr/share/texlive/texmf-dist/tex/latex/pdflscape/pdflscape-nometadata.sty
Package: pdflscape-nometadata 2022-10-28 v0.13 Display of landscape pages in PDF (HO)
 (/usr/share/texlive/texmf-dist/tex/generic/iftex/iftex.sty
Package: iftex 2022/02/03 v1.0f TeX engine tests
) (/usr/share/texlive/texmf-dist/tex/latex/graphics/lscape.sty
Package: lscape 2020/05/28 v3.02 Landscape Pages (DPC)
)
Package pdflscape Info: Auto-detected driver: pdftex on input line 81.
))
<part2a.pdf, id=1, 149.37708pt x 211.26025pt>
File: part2a.pdf Graphic file (type pdf)
<use part2a.pdf>
Package pdftex.def Info: part2a.pdf  used on input line 4.
(pdftex.def)             Requested size: 149.3767pt x 211.25974pt.
File: part2a.pdf Graphic file (type pdf)
<use part2a.pdf>
Package pdftex.def Info: part2a.pdf  used on input line 4.
(pdftex.def)             Requested size: 149.3767pt x 211.25974pt.
<part2a.pdf, id=4, page=1, 149.37708pt x 211.26025pt>
File: part2a.pdf Graphic file (type pdf)
<use part2a.pdf, page 1>
Package pdftex.def Info: part2a.pdf , page1 used on input line 4.
(pdftex.def)             Requested size: 149.3767pt x 211.25974pt.
File: part2a.pdf Graphic file (type pdf)
<use part2a.pdf, page 1>
Package pdftex.def Info: part2a.pdf , page1 used on input line 4.
(pdftex.def)             Requested size: 140.1774pt x 198.2494pt.
File: part2a.pdf Graphic file (type pdf)
<use part2a.pdf, page 1>
Package pdftex.def Info: part2a.pdf , page1 used on input line 4.
(pdftex.def)             Requested size: 140.1774pt x 198.2494pt.
File: part2a.pdf Graphic file (type pdf)
<use part2a.pdf, page 1>
Package pdftex.def Info: part2a.pdf , page1 used on input line 4.
(pdftex.def)             Requested size: 140.1774pt x 198.2494pt.
<part2a.pdf, id=5, page=2, 149.37708pt x 211.26025pt>
File: part2a.pdf Graphic file (type pdf)
<use part2a.pdf, page 2>
Package pdftex.def Info: part2a.pdf , page2 used on input line 4.
(pdftex.def)             Requested size: 140.1774pt x 198.2494pt.
File: part2a.pdf Graphic file (type pdf)
<use part2a.pdf, page 2>
Package pdftex.def Info: part2a.pdf , page2 used on input line 4.
(pdftex.def)             Requested size: 140.1774pt x 198.2494pt.
<part2a.pdf, id=6, page=3, 149.37708pt x 211.26025pt>
File: part2a.pdf Graphic file (type pdf)
<use part2a.pdf, page 3>
Package pdftex.def Info: part2a.pdf , page3 used on input line 4.
(pdftex.def)             Requested size: 140.1774pt x 198.2494pt.
File: part2a.pdf Graphic file (type pdf)
<use part2a.pdf, page 3>
Package pdftex.def Info: part2a.pdf , page3 used on input line 4.
(pdftex.def)             Requested size: 140.1774pt x 198.2494pt.
<part2a.pdf, id=7, page=4, 149.37708pt x 211.26025pt>
File: part2a.pdf Graphic file (type pdf)
<use part2a.pdf, page 4>
Package pdftex.def Info: part2a.pdf , page4 used on input line 4.
(pdftex.def)             Requested size: 140.1774pt x 198.2494pt.
File: part2a.pdf Graphic file (type pdf)
<use part2a.pdf, page 4>
Package pdftex.def Info: part2a.pdf , page4 used on input line 4.
(pdftex.def)             Requested size: 140.1774pt x 198.2494pt.
<part2a.pdf, id=8, page=5, 149.37708pt x 211.26025pt>
File: part2a.pdf Graphic file (type pdf)
<use part2a.pdf, page 5>
Package pdftex.def Info: part2a.pdf , page5 used on input line 4.
(pdftex.def)             Requested size: 140.1774pt x 198.2494pt.
File: part2a.pdf Graphic file (type pdf)
<use part2a.pdf, page 5>
Package pdftex.def Info: part2a.pdf , page5 used on input line 4.
(pdftex.def)             Requested size: 140.1774pt x 198.2494pt.
<part2a.pdf, id=9, page=6, 149.37708pt x 211.26025pt>
File: part2a.pdf Graphic file (type pdf)
<use part2a.pdf, page 6>
Package pdftex.def Info: part2a.pdf , page6 used on input line 4.
(pdftex.def)             Requested size: 140.1774pt x 198.2494pt.
File: part2a.pdf Graphic file (type pdf)
<use part2a.pdf, page 6>
Package pdftex.def Info: part2a.pdf , page6 used on input line 4.
(pdftex.def)             Requested size: 140.1774pt x 198.2494pt.
<part2a.pdf, id=10, page=7, 149.37708pt x 211.26025pt>
File: part2a.pdf Graphic file (type pdf)
<use part2a.pdf, page 7>
Package pdftex.def Info: part2a.pdf , page7 used on input line 4.
(pdftex.def)             Requested size: 140.1774pt x 198.2494pt.
File: part2a.pdf Graphic file (type pdf)
<use part2a.pdf, page 7>
Package pdftex.def Info: part2a.pdf , page7 used on input line 4.
(pdftex.def)             Requested size: 140.1774pt x 198.2494pt.
<part2a.pdf, id=11, page=8, 149.37708pt x 211.26025pt>
File: part2a.pdf Graphic file (type pdf)
<use part2a.pdf, page 8>
Package pdftex.def Info: part2a.pdf , page8 used on input line 4.
(pdftex.def)             Requested size: 140.1774pt x 198.2494pt.
File: part2a.pdf Graphic file (type pdf)
<use part2a.pdf, page 8>
Package pdftex.def Info: part2a.pdf , page8 used on input line 4.
(pdftex.def)             Requested size: 140.1774pt x 198.2494pt.
<part2a.pdf, id=12, page=9, 149.37708pt x 211.26025pt>
File: part2a.pdf Graphic file (type pdf)
<use part2a.pdf, page 9>
Package pdftex.def Info: part2a.pdf , page9 used on input line 4.
(pdftex.def)             Requested size: 140.1774pt x 198.2494pt.
File: part2a.pdf Graphic file (type pdf)
<use part2a.pdf, page 9>
Package pdftex.def Info: part2a.pdf , page9 used on input line 4.
(pdftex.def)             Requested size: 140.1774pt x 198.2494pt.
<part2a.pdf, id=13, page=10, 149.37708pt x 211.26025pt>
File: part2a.pdf Graphic file (type pdf)
<use part2a.pdf, page 10>
Package pdftex.def Info: part2a.pdf , page10 used on input line 4.
(pdftex.def)             Requested size: 140.1774pt x 198.2494pt.
File: part2a.pdf Graphic file (type pdf)
<use part2a.pdf, page 10>
Package pdftex.def Info: part2a.pdf , page10 used on input line 4.
(pdftex.def)             Requested size: 140.1774pt x 198.2494pt.
<part2a.pdf, id=14, page=11, 149.37708pt x 211.26025pt>
File: part2a.pdf Graphic file (type pdf)
<use part2a.pdf, page 11>
Package pdftex.def Info: part2a.pdf , page11 used on input line 4.
(pdftex.def)             Requested size: 140.1774pt x 198.2494pt.
File: part2a.pdf Graphic file (type pdf)
<use part2a.pdf, page 11>
Package pdftex.def Info: part2a.pdf , page11 used on input line 4.
(pdftex.def)             Requested size: 140.1774pt x 198.2494pt.
<part2a.pdf, id=15, page=12, 149.37708pt x 211.26025pt>
File: part2a.pdf Graphic file (type pdf)
<use part2a.pdf, page 12>
Package pdftex.def Info: part2a.pdf , page12 used on input line 4.
(pdftex.def)             Requested size: 140.1774pt x 198.2494pt.
File: part2a.pdf Graphic file (type pdf)
<use part2a.pdf, page 12>
Package pdftex.def Info: part2a.pdf , page12 used on input line 4.
(pdftex.def)             Requested size: 140.1774pt x 198.2494pt.
<part2a.pdf, id=16, page=13, 149.37708pt x 211.26025pt>
File: part2a.pdf Graphic file (type pdf)
<use part2a.pdf, page 13>
Package pdftex.def Info: part2a.pdf , page13 used on input line 4.
(pdftex.def)             Requested size: 140.1774pt x 198.2494pt.
File: part2a.pdf Graphic file (type pdf)
<use part2a.pdf, page 13>
Package pdftex.def Info: part2a.pdf , page13 used on input line 4.
(pdftex.def)             Requested size: 140.1774pt x 198.2494pt.
<part2a.pdf, id=17, page=14, 149.37708pt x 211.26025pt>
File: part2a.pdf Graphic file (type pdf)
<use part2a.pdf, page 14>
Package pdftex.def Info: part2a.pdf , page14 used on input line 4.
(pdftex.def)             Requested size: 140.1774pt x 198.2494pt.
File: part2a.pdf Graphic file (type pdf)
<use part2a.pdf, page 14>
Package pdftex.def Info: part2a.pdf , page14 used on input line 4.
(pdftex.def)             Requested size: 140.1774pt x 198.2494pt.
<part2a.pdf, id=18, page=15, 149.37708pt x 211.26025pt>
File: part2a.pdf Graphic file (type pdf)
<use part2a.pdf, page 15>
Package pdftex.def Info: part2a.pdf , page15 used on input line 4.
(pdftex.def)             Requested size: 140.1774pt x 198.2494pt.
File: part2a.pdf Graphic file (type pdf)
<use part2a.pdf, page 15>
Package pdftex.def Info: part2a.pdf , page15 used on input line 4.
(pdftex.def)             Requested size: 140.1774pt x 198.2494pt.
<part2a.pdf, id=19, page=16, 149.37708pt x 211.26025pt>
File: part2a.pdf Graphic file (type pdf)
<use part2a.pdf, page 16>
Package pdftex.def Info: part2a.pdf , page16 used on input line 4.
(pdftex.def)             Requested size: 140.1774pt x 198.2494pt.
File: part2a.pdf Graphic file (type pdf)
<use part2a.pdf, page 16>
Package pdftex.def Info: part2a.pdf , page16 used on input line 4.
(pdftex.def)             Requested size: 140.1774pt x 198.2494pt.
File: part2a.pdf Graphic file (type pdf)
<use part2a.pdf, page 1>
Package pdftex.def Info: part2a.pdf , page1 used on input line 4.
(pdftex.def)             Requested size: 140.1774pt x 198.2494pt.
File: part2a.pdf Graphic file (type pdf)
<use part2a.pdf, page 2>
Package pdftex.def Info: part2a.pdf , page2 used on input line 4.
(pdftex.def)             Requested size: 140.1774pt x 198.2494pt.
File: part2a.pdf Graphic file (type pdf)
<use part2a.pdf, page 3>
Package pdftex.def Info: part2a.pdf , page3 used on input line 4.
(pdftex.def)             Requested size: 140.1774pt x 198.2494pt.
File: part2a.pdf Graphic file (type pdf)
<use part2a.pdf, page 4>
Package pdftex.def Info: part2a.pdf , page4 used on input line 4.
(pdftex.def)             Requested size: 140.1774pt x 198.2494pt.
File: part2a.pdf Graphic file (type pdf)
<use part2a.pdf, page 5>
Package pdftex.def Info: part2a.pdf , page5 used on input line 4.
(pdftex.def)             Requested size: 140.1774pt x 198.2494pt.
File: part2a.pdf Graphic file (type pdf)
<use part2a.pdf, page 6>
Package pdftex.def Info: part2a.pdf , page6 used on input line 4.
(pdftex.def)             Requested size: 140.1774pt x 198.2494pt.
File: part2a.pdf Graphic file (type pdf)
<use part2a.pdf, page 7>
Package pdftex.def Info: part2a.pdf , page7 used on input line 4.
(pdftex.def)             Requested size: 140.1774pt x 198.2494pt.
File: part2a.pdf Graphic file (type pdf)
<use part2a.pdf, page 8>
Package pdftex.def Info: part2a.pdf , page8 used on input line 4.
(pdftex.def)             Requested size: 140.1774pt x 198.2494pt.
File: part2a.pdf Graphic file (type pdf)
<use part2a.pdf, page 9>
Package pdftex.def Info: part2a.pdf , page9 used on input line 4.
(pdftex.def)             Requested size: 140.1774pt x 198.2494pt.
File: part2a.pdf Graphic file (type pdf)
<use part2a.pdf, page 10>
Package pdftex.def Info: part2a.pdf , page10 used on input line 4.
(pdftex.def)             Requested size: 140.1774pt x 198.2494pt.
File: part2a.pdf Graphic file (type pdf)
<use part2a.pdf, page 11>
Package pdftex.def Info: part2a.pdf , page11 used on input line 4.
(pdftex.def)             Requested size: 140.1774pt x 198.2494pt.
File: part2a.pdf Graphic file (type pdf)
<use part2a.pdf, page 12>
Package pdftex.def Info: part2a.pdf , page12 used on input line 4.
(pdftex.def)             Requested size: 140.1774pt x 198.2494pt.
File: part2a.pdf Graphic file (type pdf)
<use part2a.pdf, page 13>
Package pdftex.def Info: part2a.pdf , page13 used on input line 4.
(pdftex.def)             Requested size: 140.1774pt x 198.2494pt.
File: part2a.pdf Graphic file (type pdf)
<use part2a.pdf, page 14>
Package pdftex.def Info: part2a.pdf , page14 used on input line 4.
(pdftex.def)             Requested size: 140.1774pt x 198.2494pt.
File: part2a.pdf Graphic file (type pdf)
<use part2a.pdf, page 15>
Package pdftex.def Info: part2a.pdf , page15 used on input line 4.
(pdftex.def)             Requested size: 140.1774pt x 198.2494pt.
File: part2a.pdf Graphic file (type pdf)
<use part2a.pdf, page 16>
Package pdftex.def Info: part2a.pdf , page16 used on input line 4.
(pdftex.def)             Requested size: 140.1774pt x 198.2494pt.
 [1


 <./part2a.pdf> <./part2a.pdf> <./part2a.pdf> <./part2a.pdf> <./part2a.pdf> <./part2a.pdf> <./part2a.pdf> <./part2a.pdf> <./part2a.pdf> <./part2a.pdf> <./part2a.pdf> <./part2a.pdf> <./part2a.pdf> <./part2a.pdf> <./part2a.pdf> <./part2a.pdf>]
<part2a.pdf, id=71, page=17, 149.37708pt x 211.26025pt>
File: part2a.pdf Graphic file (type pdf)
<use part2a.pdf, page 17>
Package pdftex.def Info: part2a.pdf , page17 used on input line 4.
(pdftex.def)             Requested size: 140.1774pt x 198.2494pt.
File: part2a.pdf Graphic file (type pdf)
<use part2a.pdf, page 17>
Package pdftex.def Info: part2a.pdf , page17 used on input line 4.
(pdftex.def)             Requested size: 140.1774pt x 198.2494pt.
<part2a.pdf, id=72, page=18, 149.37708pt x 211.26025pt>
File: part2a.pdf Graphic file (type pdf)
<use part2a.pdf, page 18>
Package pdftex.def Info: part2a.pdf , page18 used on input line 4.
(pdftex.def)             Requested size: 140.1774pt x 198.2494pt.
File: part2a.pdf Graphic file (type pdf)
<use part2a.pdf, page 18>
Package pdftex.def Info: part2a.pdf , page18 used on input line 4.
(pdftex.def)             Requested size: 140.1774pt x 198.2494pt.
<part2a.pdf, id=73, page=19, 149.37708pt x 211.26025pt>
File: part2a.pdf Graphic file (type pdf)
<use part2a.pdf, page 19>
Package pdftex.def Info: part2a.pdf , page19 used on input line 4.
(pdftex.def)             Requested size: 140.1774pt x 198.2494pt.
File: part2a.pdf Graphic file (type pdf)
<use part2a.pdf, page 19>
Package pdftex.def Info: part2a.pdf , page19 used on input line 4.
(pdftex.def)             Requested size: 140.1774pt x 198.2494pt.
<part2a.pdf, id=74, page=20, 149.37708pt x 211.26025pt>
File: part2a.pdf Graphic file (type pdf)
<use part2a.pdf, page 20>
Package pdftex.def Info: part2a.pdf , page20 used on input line 4.
(pdftex.def)             Requested size: 140.1774pt x 198.2494pt.
File: part2a.pdf Graphic file (type pdf)
<use part2a.pdf, page 20>
Package pdftex.def Info: part2a.pdf , page20 used on input line 4.
(pdftex.def)             Requested size: 140.1774pt x 198.2494pt.
<part2a.pdf, id=75, page=21, 149.37708pt x 211.26025pt>
File: part2a.pdf Graphic file (type pdf)
<use part2a.pdf, page 21>
Package pdftex.def Info: part2a.pdf , page21 used on input line 4.
(pdftex.def)             Requested size: 140.1774pt x 198.2494pt.
File: part2a.pdf Graphic file (type pdf)
<use part2a.pdf, page 21>
Package pdftex.def Info: part2a.pdf , page21 used on input line 4.
(pdftex.def)             Requested size: 140.1774pt x 198.2494pt.
<part2a.pdf, id=76, page=22, 149.37708pt x 211.26025pt>
File: part2a.pdf Graphic file (type pdf)
<use part2a.pdf, page 22>
Package pdftex.def Info: part2a.pdf , page22 used on input line 4.
(pdftex.def)             Requested size: 140.1774pt x 198.2494pt.
File: part2a.pdf Graphic file (type pdf)
<use part2a.pdf, page 22>
Package pdftex.def Info: part2a.pdf , page22 used on input line 4.
(pdftex.def)             Requested size: 140.1774pt x 198.2494pt.
<part2a.pdf, id=77, page=23, 149.37708pt x 211.26025pt>
File: part2a.pdf Graphic file (type pdf)
<use part2a.pdf, page 23>
Package pdftex.def Info: part2a.pdf , page23 used on input line 4.
(pdftex.def)             Requested size: 140.1774pt x 198.2494pt.
File: part2a.pdf Graphic file (type pdf)
<use part2a.pdf, page 23>
Package pdftex.def Info: part2a.pdf , page23 used on input line 4.
(pdftex.def)             Requested size: 140.1774pt x 198.2494pt.
<part2a.pdf, id=78, page=24, 149.37708pt x 211.26025pt>
File: part2a.pdf Graphic file (type pdf)
<use part2a.pdf, page 24>
Package pdftex.def Info: part2a.pdf , page24 used on input line 4.
(pdftex.def)             Requested size: 140.1774pt x 198.2494pt.
File: part2a.pdf Graphic file (type pdf)
<use part2a.pdf, page 24>
Package pdftex.def Info: part2a.pdf , page24 used on input line 4.
(pdftex.def)             Requested size: 140.1774pt x 198.2494pt.
<part2a.pdf, id=79, page=25, 149.37708pt x 211.26025pt>
File: part2a.pdf Graphic file (type pdf)
<use part2a.pdf, page 25>
Package pdftex.def Info: part2a.pdf , page25 used on input line 4.
(pdftex.def)             Requested size: 140.1774pt x 198.2494pt.
File: part2a.pdf Graphic file (type pdf)
<use part2a.pdf, page 25>
Package pdftex.def Info: part2a.pdf , page25 used on input line 4.
(pdftex.def)             Requested size: 140.1774pt x 198.2494pt.
<part2a.pdf, id=80, page=26, 149.37708pt x 211.26025pt>
File: part2a.pdf Graphic file (type pdf)
<use part2a.pdf, page 26>
Package pdftex.def Info: part2a.pdf , page26 used on input line 4.
(pdftex.def)             Requested size: 140.1774pt x 198.2494pt.
File: part2a.pdf Graphic file (type pdf)
<use part2a.pdf, page 26>
Package pdftex.def Info: part2a.pdf , page26 used on input line 4.
(pdftex.def)             Requested size: 140.1774pt x 198.2494pt.
<part2a.pdf, id=81, page=27, 149.37708pt x 211.26025pt>
File: part2a.pdf Graphic file (type pdf)
<use part2a.pdf, page 27>
Package pdftex.def Info: part2a.pdf , page27 used on input line 4.
(pdftex.def)             Requested size: 140.1774pt x 198.2494pt.
File: part2a.pdf Graphic file (type pdf)
<use part2a.pdf, page 27>
Package pdftex.def Info: part2a.pdf , page27 used on input line 4.
(pdftex.def)             Requested size: 140.1774pt x 198.2494pt.
<part2a.pdf, id=82, page=28, 149.37708pt x 211.26025pt>
File: part2a.pdf Graphic file (type pdf)
<use part2a.pdf, page 28>
Package pdftex.def Info: part2a.pdf , page28 used on input line 4.
(pdftex.def)             Requested size: 140.1774pt x 198.2494pt.
File: part2a.pdf Graphic file (type pdf)
<use part2a.pdf, page 28>
Package pdftex.def Info: part2a.pdf , page28 used on input line 4.
(pdftex.def)             Requested size: 140.1774pt x 198.2494pt.
<part2a.pdf, id=83, page=29, 149.37708pt x 211.26025pt>
File: part2a.pdf Graphic file (type pdf)
<use part2a.pdf, page 29>
Package pdftex.def Info: part2a.pdf , page29 used on input line 4.
(pdftex.def)             Requested size: 140.1774pt x 198.2494pt.
File: part2a.pdf Graphic file (type pdf)
<use part2a.pdf, page 29>
Package pdftex.def Info: part2a.pdf , page29 used on input line 4.
(pdftex.def)             Requested size: 140.1774pt x 198.2494pt.
<part2a.pdf, id=84, page=30, 149.37708pt x 211.26025pt>
File: part2a.pdf Graphic file (type pdf)
<use part2a.pdf, page 30>
Package pdftex.def Info: part2a.pdf , page30 used on input line 4.
(pdftex.def)             Requested size: 140.1774pt x 198.2494pt.
File: part2a.pdf Graphic file (type pdf)
<use part2a.pdf, page 30>
Package pdftex.def Info: part2a.pdf , page30 used on input line 4.
(pdftex.def)             Requested size: 140.1774pt x 198.2494pt.
<part2a.pdf, id=85, page=31, 149.37708pt x 211.26025pt>
File: part2a.pdf Graphic file (type pdf)
<use part2a.pdf, page 31>
Package pdftex.def Info: part2a.pdf , page31 used on input line 4.
(pdftex.def)             Requested size: 140.1774pt x 198.2494pt.
File: part2a.pdf Graphic file (type pdf)
<use part2a.pdf, page 31>
Package pdftex.def Info: part2a.pdf , page31 used on input line 4.
(pdftex.def)             Requested size: 140.1774pt x 198.2494pt.
<part2a.pdf, id=86, page=32, 149.37708pt x 211.26025pt>
File: part2a.pdf Graphic file (type pdf)
<use part2a.pdf, page 32>
Package pdftex.def Info: part2a.pdf , page32 used on input line 4.
(pdftex.def)             Requested size: 140.1774pt x 198.2494pt.
File: part2a.pdf Graphic file (type pdf)
<use part2a.pdf, page 32>
Package pdftex.def Info: part2a.pdf , page32 used on input line 4.
(pdftex.def)             Requested size: 140.1774pt x 198.2494pt.
File: part2a.pdf Graphic file (type pdf)
<use part2a.pdf, page 17>
Package pdftex.def Info: part2a.pdf , page17 used on input line 4.
(pdftex.def)             Requested size: 140.1774pt x 198.2494pt.
File: part2a.pdf Graphic file (type pdf)
<use part2a.pdf, page 18>
Package pdftex.def Info: part2a.pdf , page18 used on input line 4.
(pdftex.def)             Requested size: 140.1774pt x 198.2494pt.
File: part2a.pdf Graphic file (type pdf)
<use part2a.pdf, page 19>
Package pdftex.def Info: part2a.pdf , page19 used on input line 4.
(pdftex.def)             Requested size: 140.1774pt x 198.2494pt.
File: part2a.pdf Graphic file (type pdf)
<use part2a.pdf, page 20>
Package pdftex.def Info: part2a.pdf , page20 used on input line 4.
(pdftex.def)             Requested size: 140.1774pt x 198.2494pt.
File: part2a.pdf Graphic file (type pdf)
<use part2a.pdf, page 21>
Package pdftex.def Info: part2a.pdf , page21 used on input line 4.
(pdftex.def)             Requested size: 140.1774pt x 198.2494pt.
File: part2a.pdf Graphic file (type pdf)
<use part2a.pdf, page 22>
Package pdftex.def Info: part2a.pdf , page22 used on input line 4.
(pdftex.def)             Requested size: 140.1774pt x 198.2494pt.
File: part2a.pdf Graphic file (type pdf)
<use part2a.pdf, page 23>
Package pdftex.def Info: part2a.pdf , page23 used on input line 4.
(pdftex.def)             Requested size: 140.1774pt x 198.2494pt.
File: part2a.pdf Graphic file (type pdf)
<use part2a.pdf, page 24>
Package pdftex.def Info: part2a.pdf , page24 used on input line 4.
(pdftex.def)             Requested size: 140.1774pt x 198.2494pt.
File: part2a.pdf Graphic file (type pdf)
<use part2a.pdf, page 25>
Package pdftex.def Info: part2a.pdf , page25 used on input line 4.
(pdftex.def)             Requested size: 140.1774pt x 198.2494pt.
File: part2a.pdf Graphic file (type pdf)
<use part2a.pdf, page 26>
Package pdftex.def Info: part2a.pdf , page26 used on input line 4.
(pdftex.def)             Requested size: 140.1774pt x 198.2494pt.
File: part2a.pdf Graphic file (type pdf)
<use part2a.pdf, page 27>
Package pdftex.def Info: part2a.pdf , page27 used on input line 4.
(pdftex.def)             Requested size: 140.1774pt x 198.2494pt.
File: part2a.pdf Graphic file (type pdf)
<use part2a.pdf, page 28>
Package pdftex.def Info: part2a.pdf , page28 used on input line 4.
(pdftex.def)             Requested size: 140.1774pt x 198.2494pt.
File: part2a.pdf Graphic file (type pdf)
<use part2a.pdf, page 29>
Package pdftex.def Info: part2a.pdf , page29 used on input line 4.
(pdftex.def)             Requested size: 140.1774pt x 198.2494pt.
File: part2a.pdf Graphic file (type pdf)
<use part2a.pdf, page 30>
Package pdftex.def Info: part2a.pdf , page30 used on input line 4.
(pdftex.def)             Requested size: 140.1774pt x 198.2494pt.
File: part2a.pdf Graphic file (type pdf)
<use part2a.pdf, page 31>
Package pdftex.def Info: part2a.pdf , page31 used on input line 4.
(pdftex.def)             Requested size: 140.1774pt x 198.2494pt.
File: part2a.pdf Graphic file (type pdf)
<use part2a.pdf, page 32>
Package pdftex.def Info: part2a.pdf , page32 used on input line 4.
(pdftex.def)             Requested size: 140.1774pt x 198.2494pt.
 [2

 <./part2a.pdf> <./part2a.pdf> <./part2a.pdf> <./part2a.pdf> <./part2a.pdf> <./part2a.pdf> <./part2a.pdf> <./part2a.pdf> <./part2a.pdf> <./part2a.pdf> <./part2a.pdf> <./part2a.pdf> <./part2a.pdf> <./part2a.pdf> <./part2a.pdf> <./part2a.pdf>]
<part2a.pdf, id=127, page=33, 149.37708pt x 211.26025pt>
File: part2a.pdf Graphic file (type pdf)
<use part2a.pdf, page 33>
Package pdftex.def Info: part2a.pdf , page33 used on input line 4.
(pdftex.def)             Requested size: 140.1774pt x 198.2494pt.
File: part2a.pdf Graphic file (type pdf)
<use part2a.pdf, page 33>
Package pdftex.def Info: part2a.pdf , page33 used on input line 4.
(pdftex.def)             Requested size: 140.1774pt x 198.2494pt.
<part2a.pdf, id=128, page=34, 149.37708pt x 211.26025pt>
File: part2a.pdf Graphic file (type pdf)
<use part2a.pdf, page 34>
Package pdftex.def Info: part2a.pdf , page34 used on input line 4.
(pdftex.def)             Requested size: 140.1774pt x 198.2494pt.
File: part2a.pdf Graphic file (type pdf)
<use part2a.pdf, page 34>
Package pdftex.def Info: part2a.pdf , page34 used on input line 4.
(pdftex.def)             Requested size: 140.1774pt x 198.2494pt.
<part2a.pdf, id=129, page=35, 149.37708pt x 211.26025pt>
File: part2a.pdf Graphic file (type pdf)
<use part2a.pdf, page 35>
Package pdftex.def Info: part2a.pdf , page35 used on input line 4.
(pdftex.def)             Requested size: 140.1774pt x 198.2494pt.
File: part2a.pdf Graphic file (type pdf)
<use part2a.pdf, page 35>
Package pdftex.def Info: part2a.pdf , page35 used on input line 4.
(pdftex.def)             Requested size: 140.1774pt x 198.2494pt.
<part2a.pdf, id=130, page=36, 149.37708pt x 211.26025pt>
File: part2a.pdf Graphic file (type pdf)
<use part2a.pdf, page 36>
Package pdftex.def Info: part2a.pdf , page36 used on input line 4.
(pdftex.def)             Requested size: 140.1774pt x 198.2494pt.
File: part2a.pdf Graphic file (type pdf)
<use part2a.pdf, page 36>
Package pdftex.def Info: part2a.pdf , page36 used on input line 4.
(pdftex.def)             Requested size: 140.1774pt x 198.2494pt.
<part2a.pdf, id=131, page=37, 149.37708pt x 211.26025pt>
File: part2a.pdf Graphic file (type pdf)
<use part2a.pdf, page 37>
Package pdftex.def Info: part2a.pdf , page37 used on input line 4.
(pdftex.def)             Requested size: 140.1774pt x 198.2494pt.
File: part2a.pdf Graphic file (type pdf)
<use part2a.pdf, page 37>
Package pdftex.def Info: part2a.pdf , page37 used on input line 4.
(pdftex.def)             Requested size: 140.1774pt x 198.2494pt.
<part2a.pdf, id=132, page=38, 149.37708pt x 211.26025pt>
File: part2a.pdf Graphic file (type pdf)
<use part2a.pdf, page 38>
Package pdftex.def Info: part2a.pdf , page38 used on input line 4.
(pdftex.def)             Requested size: 140.1774pt x 198.2494pt.
File: part2a.pdf Graphic file (type pdf)
<use part2a.pdf, page 38>
Package pdftex.def Info: part2a.pdf , page38 used on input line 4.
(pdftex.def)             Requested size: 140.1774pt x 198.2494pt.
<part2a.pdf, id=133, page=39, 149.37708pt x 211.26025pt>
File: part2a.pdf Graphic file (type pdf)
<use part2a.pdf, page 39>
Package pdftex.def Info: part2a.pdf , page39 used on input line 4.
(pdftex.def)             Requested size: 140.1774pt x 198.2494pt.
File: part2a.pdf Graphic file (type pdf)
<use part2a.pdf, page 39>
Package pdftex.def Info: part2a.pdf , page39 used on input line 4.
(pdftex.def)             Requested size: 140.1774pt x 198.2494pt.
<part2a.pdf, id=134, page=40, 149.37708pt x 211.26025pt>
File: part2a.pdf Graphic file (type pdf)
<use part2a.pdf, page 40>
Package pdftex.def Info: part2a.pdf , page40 used on input line 4.
(pdftex.def)             Requested size: 140.1774pt x 198.2494pt.
File: part2a.pdf Graphic file (type pdf)
<use part2a.pdf, page 40>
Package pdftex.def Info: part2a.pdf , page40 used on input line 4.
(pdftex.def)             Requested size: 140.1774pt x 198.2494pt.
<part2a.pdf, id=135, page=41, 149.37708pt x 211.26025pt>
File: part2a.pdf Graphic file (type pdf)
<use part2a.pdf, page 41>
Package pdftex.def Info: part2a.pdf , page41 used on input line 4.
(pdftex.def)             Requested size: 140.1774pt x 198.2494pt.
File: part2a.pdf Graphic file (type pdf)
<use part2a.pdf, page 41>
Package pdftex.def Info: part2a.pdf , page41 used on input line 4.
(pdftex.def)             Requested size: 140.1774pt x 198.2494pt.
<part2a.pdf, id=136, page=42, 149.37708pt x 211.26025pt>
File: part2a.pdf Graphic file (type pdf)
<use part2a.pdf, page 42>
Package pdftex.def Info: part2a.pdf , page42 used on input line 4.
(pdftex.def)             Requested size: 140.1774pt x 198.2494pt.
File: part2a.pdf Graphic file (type pdf)
<use part2a.pdf, page 42>
Package pdftex.def Info: part2a.pdf , page42 used on input line 4.
(pdftex.def)             Requested size: 140.1774pt x 198.2494pt.
<part2a.pdf, id=137, page=43, 149.37708pt x 211.26025pt>
File: part2a.pdf Graphic file (type pdf)
<use part2a.pdf, page 43>
Package pdftex.def Info: part2a.pdf , page43 used on input line 4.
(pdftex.def)             Requested size: 140.1774pt x 198.2494pt.
File: part2a.pdf Graphic file (type pdf)
<use part2a.pdf, page 43>
Package pdftex.def Info: part2a.pdf , page43 used on input line 4.
(pdftex.def)             Requested size: 140.1774pt x 198.2494pt.
<part2a.pdf, id=138, page=44, 149.37708pt x 211.26025pt>
File: part2a.pdf Graphic file (type pdf)
<use part2a.pdf, page 44>
Package pdftex.def Info: part2a.pdf , page44 used on input line 4.
(pdftex.def)             Requested size: 140.1774pt x 198.2494pt.
File: part2a.pdf Graphic file (type pdf)
<use part2a.pdf, page 44>
Package pdftex.def Info: part2a.pdf , page44 used on input line 4.
(pdftex.def)             Requested size: 140.1774pt x 198.2494pt.
<part2a.pdf, id=139, page=45, 149.37708pt x 211.26025pt>
File: part2a.pdf Graphic file (type pdf)
<use part2a.pdf, page 45>
Package pdftex.def Info: part2a.pdf , page45 used on input line 4.
(pdftex.def)             Requested size: 140.1774pt x 198.2494pt.
File: part2a.pdf Graphic file (type pdf)
<use part2a.pdf, page 45>
Package pdftex.def Info: part2a.pdf , page45 used on input line 4.
(pdftex.def)             Requested size: 140.1774pt x 198.2494pt.
<part2a.pdf, id=140, page=46, 149.37708pt x 211.26025pt>
File: part2a.pdf Graphic file (type pdf)
<use part2a.pdf, page 46>
Package pdftex.def Info: part2a.pdf , page46 used on input line 4.
(pdftex.def)             Requested size: 140.1774pt x 198.2494pt.
File: part2a.pdf Graphic file (type pdf)
<use part2a.pdf, page 46>
Package pdftex.def Info: part2a.pdf , page46 used on input line 4.
(pdftex.def)             Requested size: 140.1774pt x 198.2494pt.
<part2a.pdf, id=141, page=47, 149.37708pt x 211.26025pt>
File: part2a.pdf Graphic file (type pdf)
<use part2a.pdf, page 47>
Package pdftex.def Info: part2a.pdf , page47 used on input line 4.
(pdftex.def)             Requested size: 140.1774pt x 198.2494pt.
File: part2a.pdf Graphic file (type pdf)
<use part2a.pdf, page 47>
Package pdftex.def Info: part2a.pdf , page47 used on input line 4.
(pdftex.def)             Requested size: 140.1774pt x 198.2494pt.
<part2a.pdf, id=142, page=48, 149.37708pt x 211.26025pt>
File: part2a.pdf Graphic file (type pdf)
<use part2a.pdf, page 48>
Package pdftex.def Info: part2a.pdf , page48 used on input line 4.
(pdftex.def)             Requested size: 140.1774pt x 198.2494pt.
File: part2a.pdf Graphic file (type pdf)
<use part2a.pdf, page 48>
Package pdftex.def Info: part2a.pdf , page48 used on input line 4.
(pdftex.def)             Requested size: 140.1774pt x 198.2494pt.
File: part2a.pdf Graphic file (type pdf)
<use part2a.pdf, page 33>
Package pdftex.def Info: part2a.pdf , page33 used on input line 4.
(pdftex.def)             Requested size: 140.1774pt x 198.2494pt.
File: part2a.pdf Graphic file (type pdf)
<use part2a.pdf, page 34>
Package pdftex.def Info: part2a.pdf , page34 used on input line 4.
(pdftex.def)             Requested size: 140.1774pt x 198.2494pt.
File: part2a.pdf Graphic file (type pdf)
<use part2a.pdf, page 35>
Package pdftex.def Info: part2a.pdf , page35 used on input line 4.
(pdftex.def)             Requested size: 140.1774pt x 198.2494pt.
File: part2a.pdf Graphic file (type pdf)
<use part2a.pdf, page 36>
Package pdftex.def Info: part2a.pdf , page36 used on input line 4.
(pdftex.def)             Requested size: 140.1774pt x 198.2494pt.
File: part2a.pdf Graphic file (type pdf)
<use part2a.pdf, page 37>
Package pdftex.def Info: part2a.pdf , page37 used on input line 4.
(pdftex.def)             Requested size: 140.1774pt x 198.2494pt.
File: part2a.pdf Graphic file (type pdf)
<use part2a.pdf, page 38>
Package pdftex.def Info: part2a.pdf , page38 used on input line 4.
(pdftex.def)             Requested size: 140.1774pt x 198.2494pt.
File: part2a.pdf Graphic file (type pdf)
<use part2a.pdf, page 39>
Package pdftex.def Info: part2a.pdf , page39 used on input line 4.
(pdftex.def)             Requested size: 140.1774pt x 198.2494pt.
File: part2a.pdf Graphic file (type pdf)
<use part2a.pdf, page 40>
Package pdftex.def Info: part2a.pdf , page40 used on input line 4.
(pdftex.def)             Requested size: 140.1774pt x 198.2494pt.
File: part2a.pdf Graphic file (type pdf)
<use part2a.pdf, page 41>
Package pdftex.def Info: part2a.pdf , page41 used on input line 4.
(pdftex.def)             Requested size: 140.1774pt x 198.2494pt.
File: part2a.pdf Graphic file (type pdf)
<use part2a.pdf, page 42>
Package pdftex.def Info: part2a.pdf , page42 used on input line 4.
(pdftex.def)             Requested size: 140.1774pt x 198.2494pt.
File: part2a.pdf Graphic file (type pdf)
<use part2a.pdf, page 43>
Package pdftex.def Info: part2a.pdf , page43 used on input line 4.
(pdftex.def)             Requested size: 140.1774pt x 198.2494pt.
File: part2a.pdf Graphic file (type pdf)
<use part2a.pdf, page 44>
Package pdftex.def Info: part2a.pdf , page44 used on input line 4.
(pdftex.def)             Requested size: 140.1774pt x 198.2494pt.
File: part2a.pdf Graphic file (type pdf)
<use part2a.pdf, page 45>
Package pdftex.def Info: part2a.pdf , page45 used on input line 4.
(pdftex.def)             Requested size: 140.1774pt x 198.2494pt.
File: part2a.pdf Graphic file (type pdf)
<use part2a.pdf, page 46>
Package pdftex.def Info: part2a.pdf , page46 used on input line 4.
(pdftex.def)             Requested size: 140.1774pt x 198.2494pt.
File: part2a.pdf Graphic file (type pdf)
<use part2a.pdf, page 47>
Package pdftex.def Info: part2a.pdf , page47 used on input line 4.
(pdftex.def)             Requested size: 140.1774pt x 198.2494pt.
File: part2a.pdf Graphic file (type pdf)
<use part2a.pdf, page 48>
Package pdftex.def Info: part2a.pdf , page48 used on input line 4.
(pdftex.def)             Requested size: 140.1774pt x 198.2494pt.
 [3

 <./part2a.pdf> <./part2a.pdf> <./part2a.pdf> <./part2a.pdf> <./part2a.pdf> <./part2a.pdf> <./part2a.pdf> <./part2a.pdf> <./part2a.pdf> <./part2a.pdf> <./part2a.pdf> <./part2a.pdf> <./part2a.pdf> <./part2a.pdf> <./part2a.pdf> <./part2a.pdf>] (./part2b.aux)
 ***********
LaTeX2e <2023-11-01> patch level 1
L3 programming layer <2024-01-22>
 ***********
 ) 
Here is how much of TeX's memory you used:
 2851 strings out of 474222
 47997 string characters out of 5748733
 1936975 words of memory out of 5000000
 25111 multiletter control sequences out of 15000+600000
 558069 words of font info for 36 fonts, out of 8000000 for 9000
 1141 hyphenation exceptions out of 8191
 72i,18n,79p,301b,439s stack positions out of 10000i,1000n,20000p,200000b,200000s

Output written on part2b.pdf (3 pages, 139481 bytes).
PDF statistics:
 171 PDF objects out of 1000 (max. 8388607)
 50 compressed objects within 1 object stream
 0 named destinations out of 1000 (max. 500000)
 256 words of extra memory for PDF output out of 10000 (max. 10000000)

