This is pdfTeX, Version 3.141592653-2.6-1.40.25 (TeX Live 2023/Debian) (preloaded format=pdflatex 2024.10.7)  23 JUN 2025 09:34
entering extended mode
 restricted \write18 enabled.
 file:line:error style messages enabled.
 %&-line parsing enabled.
**/home/nyaucki/Documents/Prof/CoursMaths/5eme/5_TrivialPursuit/part4.tex
(/home/nyaucki/Documents/Prof/CoursMaths/5eme/5_TrivialPursuit/part4.tex
LaTeX2e <2023-11-01> patch level 1
L3 programming layer <2024-01-22>
(/usr/share/texlive/texmf-dist/tex/latex/base/article.cls
Document Class: article 2023/05/17 v1.4n Standard LaTeX document class
(/usr/share/texlive/texmf-dist/tex/latex/base/size10.clo
File: size10.clo 2023/05/17 v1.4n Standard LaTeX file (size option)
)
\c@part=\count187
\c@section=\count188
\c@subsection=\count189
\c@subsubsection=\count190
\c@paragraph=\count191
\c@subparagraph=\count192
\c@figure=\count193
\c@table=\count194
\abovecaptionskip=\skip48
\belowcaptionskip=\skip49
\bibindent=\dimen140
) (/usr/share/texlive/texmf-dist/tex/latex/pdfpages/pdfpages.sty
Package: pdfpages 2024/01/21 v0.5y Insert pages of external PDF documents (AM)
 (/usr/share/texlive/texmf-dist/tex/latex/base/ifthen.sty
Package: ifthen 2022/04/13 v1.1d Standard LaTeX ifthen package (DPC)
) (/usr/share/texlive/texmf-dist/tex/latex/tools/calc.sty
Package: calc 2023/07/08 v4.3 Infix arithmetic (KKT,FJ)
\calc@Acount=\count195
\calc@Bcount=\count196
\calc@Adimen=\dimen141
\calc@Bdimen=\dimen142
\calc@Askip=\skip50
\calc@Bskip=\skip51
LaTeX Info: Redefining \setlength on input line 80.
LaTeX Info: Redefining \addtolength on input line 81.
\calc@Ccount=\count197
\calc@Cskip=\skip52
) (/usr/share/texlive/texmf-dist/tex/latex/eso-pic/eso-pic.sty
Package: eso-pic 2023/05/03 v3.0c eso-pic (RN)
\ESO@tempdima=\dimen143
\ESO@tempdimb=\dimen144
 (/usr/share/texlive/texmf-dist/tex/latex/graphics/keyval.sty
Package: keyval 2022/05/29 v1.15 key=value parser (DPC)
\KV@toks@=\toks17
) (/usr/share/texlive/texmf-dist/tex/latex/xcolor/xcolor.sty
Package: xcolor 2023/11/15 v3.01 LaTeX color extensions (UK)
 (/usr/share/texlive/texmf-dist/tex/latex/graphics-cfg/color.cfg
File: color.cfg 2016/01/02 v1.6 sample color configuration
)
Package xcolor Info: Driver file: pdftex.def on input line 274.
 (/usr/share/texlive/texmf-dist/tex/latex/graphics-def/pdftex.def
File: pdftex.def 2022/09/22 v1.2b Graphics/color driver for pdftex
) (/usr/share/texlive/texmf-dist/tex/latex/graphics/mathcolor.ltx)
Package xcolor Info: Model `cmy' substituted by `cmy0' on input line 1350.
Package xcolor Info: Model `hsb' substituted by `rgb' on input line 1354.
Package xcolor Info: Model `RGB' extended on input line 1366.
Package xcolor Info: Model `HTML' substituted by `rgb' on input line 1368.
Package xcolor Info: Model `Hsb' substituted by `hsb' on input line 1369.
Package xcolor Info: Model `tHsb' substituted by `hsb' on input line 1370.
Package xcolor Info: Model `HSB' substituted by `hsb' on input line 1371.
Package xcolor Info: Model `Gray' substituted by `gray' on input line 1372.
Package xcolor Info: Model `wave' substituted by `hsb' on input line 1373.
)) (/usr/share/texlive/texmf-dist/tex/latex/graphics/graphicx.sty
Package: graphicx 2021/09/16 v1.2d Enhanced LaTeX Graphics (DPC,SPQR)
 (/usr/share/texlive/texmf-dist/tex/latex/graphics/graphics.sty
Package: graphics 2022/03/10 v1.4e Standard LaTeX Graphics (DPC,SPQR)
 (/usr/share/texlive/texmf-dist/tex/latex/graphics/trig.sty
Package: trig 2021/08/11 v1.11 sin cos tan (DPC)
) (/usr/share/texlive/texmf-dist/tex/latex/graphics-cfg/graphics.cfg
File: graphics.cfg 2016/06/04 v1.11 sample graphics configuration
)
Package graphics Info: Driver file: pdftex.def on input line 107.
)
\Gin@req@height=\dimen145
\Gin@req@width=\dimen146
)
\AM@pagewidth=\dimen147
\AM@pageheight=\dimen148
\AM@fboxrule=\dimen149
 (/usr/share/texlive/texmf-dist/tex/latex/pdfpages/pppdftex.def
File: pppdftex.def 2024/01/21 v0.5y Pdfpages driver for pdfTeX (AM)
)
\pdfpages@includegraphics@status=\count198
\AM@pagebox=\box51
\AM@global@opts=\toks18
\AM@pagecnt=\count199
\AM@toc@title=\toks19
\AM@lof@heading=\toks20
\c@AM@survey=\count266
\AM@templatesizebox=\box52
) (/usr/share/texlive/texmf-dist/tex/latex/l3backend/l3backend-pdftex.def
File: l3backend-pdftex.def 2024-01-04 L3 backend support: PDF output (pdfTeX)
\l__color_backend_stack_int=\count267
\l__pdf_internal_box=\box53
) (./part4.aux)
\openout1 = `part4.aux'.

LaTeX Font Info:    Checking defaults for OML/cmm/m/it on input line 3.
LaTeX Font Info:    ... okay on input line 3.
LaTeX Font Info:    Checking defaults for OMS/cmsy/m/n on input line 3.
LaTeX Font Info:    ... okay on input line 3.
LaTeX Font Info:    Checking defaults for OT1/cmr/m/n on input line 3.
LaTeX Font Info:    ... okay on input line 3.
LaTeX Font Info:    Checking defaults for T1/cmr/m/n on input line 3.
LaTeX Font Info:    ... okay on input line 3.
LaTeX Font Info:    Checking defaults for TS1/cmr/m/n on input line 3.
LaTeX Font Info:    ... okay on input line 3.
LaTeX Font Info:    Checking defaults for OMX/cmex/m/n on input line 3.
LaTeX Font Info:    ... okay on input line 3.
LaTeX Font Info:    Checking defaults for U/cmr/m/n on input line 3.
LaTeX Font Info:    ... okay on input line 3.
 (/usr/share/texlive/texmf-dist/tex/context/base/mkii/supp-pdf.mkii
[Loading MPS to PDF converter (version 2006.09.02).]
\scratchcounter=\count268
\scratchdimen=\dimen150
\scratchbox=\box54
\nofMPsegments=\count269
\nofMParguments=\count270
\everyMPshowfont=\toks21
\MPscratchCnt=\count271
\MPscratchDim=\dimen151
\MPnumerator=\count272
\makeMPintoPDFobject=\count273
\everyMPtoPDFconversion=\toks22
) (/usr/share/texlive/texmf-dist/tex/latex/epstopdf-pkg/epstopdf-base.sty
Package: epstopdf-base 2020-01-24 v2.11 Base part for package epstopdf
Package epstopdf-base Info: Redefining graphics rule for `.eps' on input line 485.
 (/usr/share/texlive/texmf-dist/tex/latex/latexconfig/epstopdf-sys.cfg
File: epstopdf-sys.cfg 2010/07/13 v1.3 Configuration of (r)epstopdf for TeX Live
)) (/usr/share/texlive/texmf-dist/tex/latex/pdflscape/pdflscape.sty
Package: pdflscape 2022-10-27 v0.13 Display of landscape pages in PDF
 (/usr/share/texlive/texmf-dist/tex/latex/pdflscape/pdflscape-nometadata.sty
Package: pdflscape-nometadata 2022-10-28 v0.13 Display of landscape pages in PDF (HO)
 (/usr/share/texlive/texmf-dist/tex/generic/iftex/iftex.sty
Package: iftex 2022/02/03 v1.0f TeX engine tests
) (/usr/share/texlive/texmf-dist/tex/latex/graphics/lscape.sty
Package: lscape 2020/05/28 v3.02 Landscape Pages (DPC)
)
Package pdflscape Info: Auto-detected driver: pdftex on input line 81.
))
\malc=\count274
<part2b.pdf, id=2, 614.295pt x 794.97pt>
File: part2b.pdf Graphic file (type pdf)
<use part2b.pdf>
Package pdftex.def Info: part2b.pdf  used on input line 12.
(pdftex.def)             Requested size: 614.29349pt x 794.96806pt.
File: part2b.pdf Graphic file (type pdf)
<use part2b.pdf>
Package pdftex.def Info: part2b.pdf  used on input line 12.
(pdftex.def)             Requested size: 614.29349pt x 794.96806pt.
<part2b.pdf, id=5, page=1, 614.295pt x 794.97pt>
File: part2b.pdf Graphic file (type pdf)
<use part2b.pdf, page 1>
Package pdftex.def Info: part2b.pdf , page1 used on input line 12.
(pdftex.def)             Requested size: 614.29349pt x 794.96806pt.
File: part2b.pdf Graphic file (type pdf)
<use part2b.pdf, page 1>
Package pdftex.def Info: part2b.pdf , page1 used on input line 12.
(pdftex.def)             Requested size: 614.29349pt x 794.96806pt.
File: part2b.pdf Graphic file (type pdf)
<use part2b.pdf, page 1>
Package pdftex.def Info: part2b.pdf , page1 used on input line 12.
(pdftex.def)             Requested size: 614.29349pt x 794.96806pt.
File: part2b.pdf Graphic file (type pdf)
<use part2b.pdf, page 1>
Package pdftex.def Info: part2b.pdf , page1 used on input line 12.
(pdftex.def)             Requested size: 614.29349pt x 794.96806pt.
File: part2b.pdf Graphic file (type pdf)
<use part2b.pdf, page 1>
Package pdftex.def Info: part2b.pdf , page1 used on input line 12.
(pdftex.def)             Requested size: 614.29349pt x 794.96806pt.
 [1


 <./part2b.pdf>]
<part3b.pdf, id=74, 614.295pt x 794.97pt>
File: part3b.pdf Graphic file (type pdf)
<use part3b.pdf>
Package pdftex.def Info: part3b.pdf  used on input line 12.
(pdftex.def)             Requested size: 614.29349pt x 794.96806pt.
File: part3b.pdf Graphic file (type pdf)
<use part3b.pdf>
Package pdftex.def Info: part3b.pdf  used on input line 12.
(pdftex.def)             Requested size: 614.29349pt x 794.96806pt.
<part3b.pdf, id=77, page=1, 614.295pt x 794.97pt>
File: part3b.pdf Graphic file (type pdf)
<use part3b.pdf, page 1>
Package pdftex.def Info: part3b.pdf , page1 used on input line 12.
(pdftex.def)             Requested size: 614.29349pt x 794.96806pt.
File: part3b.pdf Graphic file (type pdf)
<use part3b.pdf, page 1>
Package pdftex.def Info: part3b.pdf , page1 used on input line 12.
(pdftex.def)             Requested size: 614.29349pt x 794.96806pt.
File: part3b.pdf Graphic file (type pdf)
<use part3b.pdf, page 1>
Package pdftex.def Info: part3b.pdf , page1 used on input line 12.
(pdftex.def)             Requested size: 614.29349pt x 794.96806pt.
File: part3b.pdf Graphic file (type pdf)
<use part3b.pdf, page 1>
Package pdftex.def Info: part3b.pdf , page1 used on input line 12.
(pdftex.def)             Requested size: 614.29349pt x 794.96806pt.
File: part3b.pdf Graphic file (type pdf)
<use part3b.pdf, page 1>
Package pdftex.def Info: part3b.pdf , page1 used on input line 12.
(pdftex.def)             Requested size: 614.29349pt x 794.96806pt.
 [2

 <./part3b.pdf>]
File: part2b.pdf Graphic file (type pdf)
<use part2b.pdf>
Package pdftex.def Info: part2b.pdf  used on input line 12.
(pdftex.def)             Requested size: 614.29349pt x 794.96806pt.
File: part2b.pdf Graphic file (type pdf)
<use part2b.pdf>
Package pdftex.def Info: part2b.pdf  used on input line 12.
(pdftex.def)             Requested size: 614.29349pt x 794.96806pt.
<part2b.pdf, id=132, page=2, 614.295pt x 794.97pt>
File: part2b.pdf Graphic file (type pdf)
<use part2b.pdf, page 2>
Package pdftex.def Info: part2b.pdf , page2 used on input line 12.
(pdftex.def)             Requested size: 614.29349pt x 794.96806pt.
File: part2b.pdf Graphic file (type pdf)
<use part2b.pdf, page 2>
Package pdftex.def Info: part2b.pdf , page2 used on input line 12.
(pdftex.def)             Requested size: 614.29349pt x 794.96806pt.
File: part2b.pdf Graphic file (type pdf)
<use part2b.pdf, page 2>
Package pdftex.def Info: part2b.pdf , page2 used on input line 12.
(pdftex.def)             Requested size: 614.29349pt x 794.96806pt.
File: part2b.pdf Graphic file (type pdf)
<use part2b.pdf, page 2>
Package pdftex.def Info: part2b.pdf , page2 used on input line 12.
(pdftex.def)             Requested size: 614.29349pt x 794.96806pt.
File: part2b.pdf Graphic file (type pdf)
<use part2b.pdf, page 2>
Package pdftex.def Info: part2b.pdf , page2 used on input line 12.
(pdftex.def)             Requested size: 614.29349pt x 794.96806pt.
 [3

 <./part2b.pdf>]
File: part3b.pdf Graphic file (type pdf)
<use part3b.pdf>
Package pdftex.def Info: part3b.pdf  used on input line 12.
(pdftex.def)             Requested size: 614.29349pt x 794.96806pt.
File: part3b.pdf Graphic file (type pdf)
<use part3b.pdf>
Package pdftex.def Info: part3b.pdf  used on input line 12.
(pdftex.def)             Requested size: 614.29349pt x 794.96806pt.
<part3b.pdf, id=191, page=2, 614.295pt x 794.97pt>
File: part3b.pdf Graphic file (type pdf)
<use part3b.pdf, page 2>
Package pdftex.def Info: part3b.pdf , page2 used on input line 12.
(pdftex.def)             Requested size: 614.29349pt x 794.96806pt.
File: part3b.pdf Graphic file (type pdf)
<use part3b.pdf, page 2>
Package pdftex.def Info: part3b.pdf , page2 used on input line 12.
(pdftex.def)             Requested size: 614.29349pt x 794.96806pt.
File: part3b.pdf Graphic file (type pdf)
<use part3b.pdf, page 2>
Package pdftex.def Info: part3b.pdf , page2 used on input line 12.
(pdftex.def)             Requested size: 614.29349pt x 794.96806pt.
File: part3b.pdf Graphic file (type pdf)
<use part3b.pdf, page 2>
Package pdftex.def Info: part3b.pdf , page2 used on input line 12.
(pdftex.def)             Requested size: 614.29349pt x 794.96806pt.
File: part3b.pdf Graphic file (type pdf)
<use part3b.pdf, page 2>
Package pdftex.def Info: part3b.pdf , page2 used on input line 12.
(pdftex.def)             Requested size: 614.29349pt x 794.96806pt.
 [4

 <./part3b.pdf>]
File: part2b.pdf Graphic file (type pdf)
<use part2b.pdf>
Package pdftex.def Info: part2b.pdf  used on input line 12.
(pdftex.def)             Requested size: 614.29349pt x 794.96806pt.
File: part2b.pdf Graphic file (type pdf)
<use part2b.pdf>
Package pdftex.def Info: part2b.pdf  used on input line 12.
(pdftex.def)             Requested size: 614.29349pt x 794.96806pt.
<part2b.pdf, id=229, page=3, 614.295pt x 794.97pt>
File: part2b.pdf Graphic file (type pdf)
<use part2b.pdf, page 3>
Package pdftex.def Info: part2b.pdf , page3 used on input line 12.
(pdftex.def)             Requested size: 614.29349pt x 794.96806pt.
File: part2b.pdf Graphic file (type pdf)
<use part2b.pdf, page 3>
Package pdftex.def Info: part2b.pdf , page3 used on input line 12.
(pdftex.def)             Requested size: 614.29349pt x 794.96806pt.
File: part2b.pdf Graphic file (type pdf)
<use part2b.pdf, page 3>
Package pdftex.def Info: part2b.pdf , page3 used on input line 12.
(pdftex.def)             Requested size: 614.29349pt x 794.96806pt.
File: part2b.pdf Graphic file (type pdf)
<use part2b.pdf, page 3>
Package pdftex.def Info: part2b.pdf , page3 used on input line 12.
(pdftex.def)             Requested size: 614.29349pt x 794.96806pt.
File: part2b.pdf Graphic file (type pdf)
<use part2b.pdf, page 3>
Package pdftex.def Info: part2b.pdf , page3 used on input line 12.
(pdftex.def)             Requested size: 614.29349pt x 794.96806pt.
 [5

 <./part2b.pdf>]
File: part3b.pdf Graphic file (type pdf)
<use part3b.pdf>
Package pdftex.def Info: part3b.pdf  used on input line 12.
(pdftex.def)             Requested size: 614.29349pt x 794.96806pt.
File: part3b.pdf Graphic file (type pdf)
<use part3b.pdf>
Package pdftex.def Info: part3b.pdf  used on input line 12.
(pdftex.def)             Requested size: 614.29349pt x 794.96806pt.
<part3b.pdf, id=274, page=3, 614.295pt x 794.97pt>
File: part3b.pdf Graphic file (type pdf)
<use part3b.pdf, page 3>
Package pdftex.def Info: part3b.pdf , page3 used on input line 12.
(pdftex.def)             Requested size: 614.29349pt x 794.96806pt.
File: part3b.pdf Graphic file (type pdf)
<use part3b.pdf, page 3>
Package pdftex.def Info: part3b.pdf , page3 used on input line 12.
(pdftex.def)             Requested size: 614.29349pt x 794.96806pt.
File: part3b.pdf Graphic file (type pdf)
<use part3b.pdf, page 3>
Package pdftex.def Info: part3b.pdf , page3 used on input line 12.
(pdftex.def)             Requested size: 614.29349pt x 794.96806pt.
File: part3b.pdf Graphic file (type pdf)
<use part3b.pdf, page 3>
Package pdftex.def Info: part3b.pdf , page3 used on input line 12.
(pdftex.def)             Requested size: 614.29349pt x 794.96806pt.
File: part3b.pdf Graphic file (type pdf)
<use part3b.pdf, page 3>
Package pdftex.def Info: part3b.pdf , page3 used on input line 12.
(pdftex.def)             Requested size: 614.29349pt x 794.96806pt.
 [6

 <./part3b.pdf>] (./part4.aux)
 ***********
LaTeX2e <2023-11-01> patch level 1
L3 programming layer <2024-01-22>
 ***********
 ) 
Here is how much of TeX's memory you used:
 2738 strings out of 474222
 44671 string characters out of 5748733
 1924975 words of memory out of 5000000
 24998 multiletter control sequences out of 15000+600000
 558069 words of font info for 36 fonts, out of 8000000 for 9000
 1141 hyphenation exceptions out of 8191
 72i,18n,79p,300b,450s stack positions out of 10000i,1000n,20000p,200000b,200000s

Output written on part4.pdf (6 pages, 227485 bytes).
PDF statistics:
 312 PDF objects out of 1000 (max. 8388607)
 70 compressed objects within 1 object stream
 0 named destinations out of 1000 (max. 500000)
 106 words of extra memory for PDF output out of 10000 (max. 10000000)

