This is pdfTeX, Version 3.141592653-2.6-1.40.25 (TeX Live 2023/Debian) (preloaded format=pdflatex 2024.10.7)  23 JUN 2025 09:34
entering extended mode
 restricted \write18 enabled.
 file:line:error style messages enabled.
 %&-line parsing enabled.
**/home/nyaucki/Documents/Prof/CoursMaths/5eme/5_TrivialPursuit/part3a.tex
(/home/nyaucki/Documents/Prof/CoursMaths/5eme/5_TrivialPursuit/part3a.tex
LaTeX2e <2023-11-01> patch level 1
L3 programming layer <2024-01-22>
(/usr/share/texlive/texmf-dist/tex/latex/base/article.cls
Document Class: article 2023/05/17 v1.4n Standard LaTeX document class
(/usr/share/texlive/texmf-dist/tex/latex/base/size10.clo
File: size10.clo 2023/05/17 v1.4n Standard LaTeX file (size option)
)
\c@part=\count187
\c@section=\count188
\c@subsection=\count189
\c@subsubsection=\count190
\c@paragraph=\count191
\c@subparagraph=\count192
\c@figure=\count193
\c@table=\count194
\abovecaptionskip=\skip48
\belowcaptionskip=\skip49
\bibindent=\dimen140
) (/usr/share/texlive/texmf-dist/tex/latex/pdfpages/pdfpages.sty
Package: pdfpages 2024/01/21 v0.5y Insert pages of external PDF documents (AM)
 (/usr/share/texlive/texmf-dist/tex/latex/base/ifthen.sty
Package: ifthen 2022/04/13 v1.1d Standard LaTeX ifthen package (DPC)
) (/usr/share/texlive/texmf-dist/tex/latex/tools/calc.sty
Package: calc 2023/07/08 v4.3 Infix arithmetic (KKT,FJ)
\calc@Acount=\count195
\calc@Bcount=\count196
\calc@Adimen=\dimen141
\calc@Bdimen=\dimen142
\calc@Askip=\skip50
\calc@Bskip=\skip51
LaTeX Info: Redefining \setlength on input line 80.
LaTeX Info: Redefining \addtolength on input line 81.
\calc@Ccount=\count197
\calc@Cskip=\skip52
) (/usr/share/texlive/texmf-dist/tex/latex/eso-pic/eso-pic.sty
Package: eso-pic 2023/05/03 v3.0c eso-pic (RN)
\ESO@tempdima=\dimen143
\ESO@tempdimb=\dimen144
 (/usr/share/texlive/texmf-dist/tex/latex/graphics/keyval.sty
Package: keyval 2022/05/29 v1.15 key=value parser (DPC)
\KV@toks@=\toks17
) (/usr/share/texlive/texmf-dist/tex/latex/xcolor/xcolor.sty
Package: xcolor 2023/11/15 v3.01 LaTeX color extensions (UK)
 (/usr/share/texlive/texmf-dist/tex/latex/graphics-cfg/color.cfg
File: color.cfg 2016/01/02 v1.6 sample color configuration
)
Package xcolor Info: Driver file: pdftex.def on input line 274.
 (/usr/share/texlive/texmf-dist/tex/latex/graphics-def/pdftex.def
File: pdftex.def 2022/09/22 v1.2b Graphics/color driver for pdftex
) (/usr/share/texlive/texmf-dist/tex/latex/graphics/mathcolor.ltx)
Package xcolor Info: Model `cmy' substituted by `cmy0' on input line 1350.
Package xcolor Info: Model `hsb' substituted by `rgb' on input line 1354.
Package xcolor Info: Model `RGB' extended on input line 1366.
Package xcolor Info: Model `HTML' substituted by `rgb' on input line 1368.
Package xcolor Info: Model `Hsb' substituted by `hsb' on input line 1369.
Package xcolor Info: Model `tHsb' substituted by `hsb' on input line 1370.
Package xcolor Info: Model `HSB' substituted by `hsb' on input line 1371.
Package xcolor Info: Model `Gray' substituted by `gray' on input line 1372.
Package xcolor Info: Model `wave' substituted by `hsb' on input line 1373.
)) (/usr/share/texlive/texmf-dist/tex/latex/graphics/graphicx.sty
Package: graphicx 2021/09/16 v1.2d Enhanced LaTeX Graphics (DPC,SPQR)
 (/usr/share/texlive/texmf-dist/tex/latex/graphics/graphics.sty
Package: graphics 2022/03/10 v1.4e Standard LaTeX Graphics (DPC,SPQR)
 (/usr/share/texlive/texmf-dist/tex/latex/graphics/trig.sty
Package: trig 2021/08/11 v1.11 sin cos tan (DPC)
) (/usr/share/texlive/texmf-dist/tex/latex/graphics-cfg/graphics.cfg
File: graphics.cfg 2016/06/04 v1.11 sample graphics configuration
)
Package graphics Info: Driver file: pdftex.def on input line 107.
)
\Gin@req@height=\dimen145
\Gin@req@width=\dimen146
)
\AM@pagewidth=\dimen147
\AM@pageheight=\dimen148
\AM@fboxrule=\dimen149
 (/usr/share/texlive/texmf-dist/tex/latex/pdfpages/pppdftex.def
File: pppdftex.def 2024/01/21 v0.5y Pdfpages driver for pdfTeX (AM)
)
\pdfpages@includegraphics@status=\count198
\AM@pagebox=\box51
\AM@global@opts=\toks18
\AM@pagecnt=\count199
\AM@toc@title=\toks19
\AM@lof@heading=\toks20
\c@AM@survey=\count266
\AM@templatesizebox=\box52
) (/usr/share/texlive/texmf-dist/tex/latex/l3backend/l3backend-pdftex.def
File: l3backend-pdftex.def 2024-01-04 L3 backend support: PDF output (pdfTeX)
\l__color_backend_stack_int=\count267
\l__pdf_internal_box=\box53
) (./part3a.aux)
\openout1 = `part3a.aux'.

LaTeX Font Info:    Checking defaults for OML/cmm/m/it on input line 3.
LaTeX Font Info:    ... okay on input line 3.
LaTeX Font Info:    Checking defaults for OMS/cmsy/m/n on input line 3.
LaTeX Font Info:    ... okay on input line 3.
LaTeX Font Info:    Checking defaults for OT1/cmr/m/n on input line 3.
LaTeX Font Info:    ... okay on input line 3.
LaTeX Font Info:    Checking defaults for T1/cmr/m/n on input line 3.
LaTeX Font Info:    ... okay on input line 3.
LaTeX Font Info:    Checking defaults for TS1/cmr/m/n on input line 3.
LaTeX Font Info:    ... okay on input line 3.
LaTeX Font Info:    Checking defaults for OMX/cmex/m/n on input line 3.
LaTeX Font Info:    ... okay on input line 3.
LaTeX Font Info:    Checking defaults for U/cmr/m/n on input line 3.
LaTeX Font Info:    ... okay on input line 3.
 (/usr/share/texlive/texmf-dist/tex/context/base/mkii/supp-pdf.mkii
[Loading MPS to PDF converter (version 2006.09.02).]
\scratchcounter=\count268
\scratchdimen=\dimen150
\scratchbox=\box54
\nofMPsegments=\count269
\nofMParguments=\count270
\everyMPshowfont=\toks21
\MPscratchCnt=\count271
\MPscratchDim=\dimen151
\MPnumerator=\count272
\makeMPintoPDFobject=\count273
\everyMPtoPDFconversion=\toks22
) (/usr/share/texlive/texmf-dist/tex/latex/epstopdf-pkg/epstopdf-base.sty
Package: epstopdf-base 2020-01-24 v2.11 Base part for package epstopdf
Package epstopdf-base Info: Redefining graphics rule for `.eps' on input line 485.
 (/usr/share/texlive/texmf-dist/tex/latex/latexconfig/epstopdf-sys.cfg
File: epstopdf-sys.cfg 2010/07/13 v1.3 Configuration of (r)epstopdf for TeX Live
)) (/usr/share/texlive/texmf-dist/tex/latex/pdflscape/pdflscape.sty
Package: pdflscape 2022-10-27 v0.13 Display of landscape pages in PDF
 (/usr/share/texlive/texmf-dist/tex/latex/pdflscape/pdflscape-nometadata.sty
Package: pdflscape-nometadata 2022-10-28 v0.13 Display of landscape pages in PDF (HO)
 (/usr/share/texlive/texmf-dist/tex/generic/iftex/iftex.sty
Package: iftex 2022/02/03 v1.0f TeX engine tests
) (/usr/share/texlive/texmf-dist/tex/latex/graphics/lscape.sty
Package: lscape 2020/05/28 v3.02 Landscape Pages (DPC)
)
Package pdflscape Info: Auto-detected driver: pdftex on input line 81.
))
\malc=\count274
<part1.pdf, id=2, 211.26128pt x 149.37708pt>
File: part1.pdf Graphic file (type pdf)
<use part1.pdf>
Package pdftex.def Info: part1.pdf  used on input line 13.
(pdftex.def)             Requested size: 211.26074pt x 149.3767pt.
File: part1.pdf Graphic file (type pdf)
<use part1.pdf>
Package pdftex.def Info: part1.pdf  used on input line 13.
(pdftex.def)             Requested size: 211.26074pt x 149.3767pt.
<part1.pdf, id=5, page=2, 211.26128pt x 149.37708pt>
File: part1.pdf Graphic file (type pdf)
<use part1.pdf, page 2>
Package pdftex.def Info: part1.pdf , page2 used on input line 13.
(pdftex.def)             Requested size: 211.26074pt x 149.3767pt.
File: part1.pdf Graphic file (type pdf)
<use part1.pdf, page 2>
Package pdftex.def Info: part1.pdf , page2 used on input line 13.
(pdftex.def)             Requested size: 211.26074pt x 149.3767pt.
File: part1.pdf Graphic file (type pdf)
<use part1.pdf, page 2>
Package pdftex.def Info: part1.pdf , page2 used on input line 13.
(pdftex.def)             Requested size: 211.26074pt x 149.3767pt.
File: part1.pdf Graphic file (type pdf)
<use part1.pdf, page 2>
Package pdftex.def Info: part1.pdf , page2 used on input line 13.
(pdftex.def)             Requested size: 211.26074pt x 149.3767pt.
File: part1.pdf Graphic file (type pdf)
<use part1.pdf, page 2>
Package pdftex.def Info: part1.pdf , page2 used on input line 13.
(pdftex.def)             Requested size: 211.26074pt x 149.3767pt.
 [1


 <./part1.pdf{/var/lib/texmf/fonts/map/pdftex/updmap/pdftex.map}>]
File: part1.pdf Graphic file (type pdf)
<use part1.pdf>
Package pdftex.def Info: part1.pdf  used on input line 13.
(pdftex.def)             Requested size: 211.26074pt x 149.3767pt.
File: part1.pdf Graphic file (type pdf)
<use part1.pdf>
Package pdftex.def Info: part1.pdf  used on input line 13.
(pdftex.def)             Requested size: 211.26074pt x 149.3767pt.
<part1.pdf, id=26, page=4, 211.26128pt x 149.37708pt>
File: part1.pdf Graphic file (type pdf)
<use part1.pdf, page 4>
Package pdftex.def Info: part1.pdf , page4 used on input line 13.
(pdftex.def)             Requested size: 211.26074pt x 149.3767pt.
File: part1.pdf Graphic file (type pdf)
<use part1.pdf, page 4>
Package pdftex.def Info: part1.pdf , page4 used on input line 13.
(pdftex.def)             Requested size: 211.26074pt x 149.3767pt.
File: part1.pdf Graphic file (type pdf)
<use part1.pdf, page 4>
Package pdftex.def Info: part1.pdf , page4 used on input line 13.
(pdftex.def)             Requested size: 211.26074pt x 149.3767pt.
File: part1.pdf Graphic file (type pdf)
<use part1.pdf, page 4>
Package pdftex.def Info: part1.pdf , page4 used on input line 13.
(pdftex.def)             Requested size: 211.26074pt x 149.3767pt.
File: part1.pdf Graphic file (type pdf)
<use part1.pdf, page 4>
Package pdftex.def Info: part1.pdf , page4 used on input line 13.
(pdftex.def)             Requested size: 211.26074pt x 149.3767pt.
 [2

 <./part1.pdf>]
File: part1.pdf Graphic file (type pdf)
<use part1.pdf>
Package pdftex.def Info: part1.pdf  used on input line 13.
(pdftex.def)             Requested size: 211.26074pt x 149.3767pt.
File: part1.pdf Graphic file (type pdf)
<use part1.pdf>
Package pdftex.def Info: part1.pdf  used on input line 13.
(pdftex.def)             Requested size: 211.26074pt x 149.3767pt.
<part1.pdf, id=32, page=6, 211.26128pt x 149.37708pt>
File: part1.pdf Graphic file (type pdf)
<use part1.pdf, page 6>
Package pdftex.def Info: part1.pdf , page6 used on input line 13.
(pdftex.def)             Requested size: 211.26074pt x 149.3767pt.
File: part1.pdf Graphic file (type pdf)
<use part1.pdf, page 6>
Package pdftex.def Info: part1.pdf , page6 used on input line 13.
(pdftex.def)             Requested size: 211.26074pt x 149.3767pt.
File: part1.pdf Graphic file (type pdf)
<use part1.pdf, page 6>
Package pdftex.def Info: part1.pdf , page6 used on input line 13.
(pdftex.def)             Requested size: 211.26074pt x 149.3767pt.
File: part1.pdf Graphic file (type pdf)
<use part1.pdf, page 6>
Package pdftex.def Info: part1.pdf , page6 used on input line 13.
(pdftex.def)             Requested size: 211.26074pt x 149.3767pt.
File: part1.pdf Graphic file (type pdf)
<use part1.pdf, page 6>
Package pdftex.def Info: part1.pdf , page6 used on input line 13.
(pdftex.def)             Requested size: 211.26074pt x 149.3767pt.
 [3

 <./part1.pdf>]
File: part1.pdf Graphic file (type pdf)
<use part1.pdf>
Package pdftex.def Info: part1.pdf  used on input line 13.
(pdftex.def)             Requested size: 211.26074pt x 149.3767pt.
File: part1.pdf Graphic file (type pdf)
<use part1.pdf>
Package pdftex.def Info: part1.pdf  used on input line 13.
(pdftex.def)             Requested size: 211.26074pt x 149.3767pt.
<part1.pdf, id=38, page=8, 211.26128pt x 149.37708pt>
File: part1.pdf Graphic file (type pdf)
<use part1.pdf, page 8>
Package pdftex.def Info: part1.pdf , page8 used on input line 13.
(pdftex.def)             Requested size: 211.26074pt x 149.3767pt.
File: part1.pdf Graphic file (type pdf)
<use part1.pdf, page 8>
Package pdftex.def Info: part1.pdf , page8 used on input line 13.
(pdftex.def)             Requested size: 211.26074pt x 149.3767pt.
File: part1.pdf Graphic file (type pdf)
<use part1.pdf, page 8>
Package pdftex.def Info: part1.pdf , page8 used on input line 13.
(pdftex.def)             Requested size: 211.26074pt x 149.3767pt.
File: part1.pdf Graphic file (type pdf)
<use part1.pdf, page 8>
Package pdftex.def Info: part1.pdf , page8 used on input line 13.
(pdftex.def)             Requested size: 211.26074pt x 149.3767pt.
File: part1.pdf Graphic file (type pdf)
<use part1.pdf, page 8>
Package pdftex.def Info: part1.pdf , page8 used on input line 13.
(pdftex.def)             Requested size: 211.26074pt x 149.3767pt.
 [4

 <./part1.pdf>]
File: part1.pdf Graphic file (type pdf)
<use part1.pdf>
Package pdftex.def Info: part1.pdf  used on input line 13.
(pdftex.def)             Requested size: 211.26074pt x 149.3767pt.
File: part1.pdf Graphic file (type pdf)
<use part1.pdf>
Package pdftex.def Info: part1.pdf  used on input line 13.
(pdftex.def)             Requested size: 211.26074pt x 149.3767pt.
<part1.pdf, id=44, page=10, 211.26128pt x 149.37708pt>
File: part1.pdf Graphic file (type pdf)
<use part1.pdf, page 10>
Package pdftex.def Info: part1.pdf , page10 used on input line 13.
(pdftex.def)             Requested size: 211.26074pt x 149.3767pt.
File: part1.pdf Graphic file (type pdf)
<use part1.pdf, page 10>
Package pdftex.def Info: part1.pdf , page10 used on input line 13.
(pdftex.def)             Requested size: 211.26074pt x 149.3767pt.
File: part1.pdf Graphic file (type pdf)
<use part1.pdf, page 10>
Package pdftex.def Info: part1.pdf , page10 used on input line 13.
(pdftex.def)             Requested size: 211.26074pt x 149.3767pt.
File: part1.pdf Graphic file (type pdf)
<use part1.pdf, page 10>
Package pdftex.def Info: part1.pdf , page10 used on input line 13.
(pdftex.def)             Requested size: 211.26074pt x 149.3767pt.
File: part1.pdf Graphic file (type pdf)
<use part1.pdf, page 10>
Package pdftex.def Info: part1.pdf , page10 used on input line 13.
(pdftex.def)             Requested size: 211.26074pt x 149.3767pt.
 [5

 <./part1.pdf>]
File: part1.pdf Graphic file (type pdf)
<use part1.pdf>
Package pdftex.def Info: part1.pdf  used on input line 13.
(pdftex.def)             Requested size: 211.26074pt x 149.3767pt.
File: part1.pdf Graphic file (type pdf)
<use part1.pdf>
Package pdftex.def Info: part1.pdf  used on input line 13.
(pdftex.def)             Requested size: 211.26074pt x 149.3767pt.
<part1.pdf, id=50, page=12, 211.26128pt x 149.37708pt>
File: part1.pdf Graphic file (type pdf)
<use part1.pdf, page 12>
Package pdftex.def Info: part1.pdf , page12 used on input line 13.
(pdftex.def)             Requested size: 211.26074pt x 149.3767pt.
File: part1.pdf Graphic file (type pdf)
<use part1.pdf, page 12>
Package pdftex.def Info: part1.pdf , page12 used on input line 13.
(pdftex.def)             Requested size: 211.26074pt x 149.3767pt.
File: part1.pdf Graphic file (type pdf)
<use part1.pdf, page 12>
Package pdftex.def Info: part1.pdf , page12 used on input line 13.
(pdftex.def)             Requested size: 211.26074pt x 149.3767pt.
File: part1.pdf Graphic file (type pdf)
<use part1.pdf, page 12>
Package pdftex.def Info: part1.pdf , page12 used on input line 13.
(pdftex.def)             Requested size: 211.26074pt x 149.3767pt.
File: part1.pdf Graphic file (type pdf)
<use part1.pdf, page 12>
Package pdftex.def Info: part1.pdf , page12 used on input line 13.
(pdftex.def)             Requested size: 211.26074pt x 149.3767pt.
 [6

 <./part1.pdf>]
File: part1.pdf Graphic file (type pdf)
<use part1.pdf>
Package pdftex.def Info: part1.pdf  used on input line 13.
(pdftex.def)             Requested size: 211.26074pt x 149.3767pt.
File: part1.pdf Graphic file (type pdf)
<use part1.pdf>
Package pdftex.def Info: part1.pdf  used on input line 13.
(pdftex.def)             Requested size: 211.26074pt x 149.3767pt.
<part1.pdf, id=56, page=14, 211.26128pt x 149.37708pt>
File: part1.pdf Graphic file (type pdf)
<use part1.pdf, page 14>
Package pdftex.def Info: part1.pdf , page14 used on input line 13.
(pdftex.def)             Requested size: 211.26074pt x 149.3767pt.
File: part1.pdf Graphic file (type pdf)
<use part1.pdf, page 14>
Package pdftex.def Info: part1.pdf , page14 used on input line 13.
(pdftex.def)             Requested size: 211.26074pt x 149.3767pt.
File: part1.pdf Graphic file (type pdf)
<use part1.pdf, page 14>
Package pdftex.def Info: part1.pdf , page14 used on input line 13.
(pdftex.def)             Requested size: 211.26074pt x 149.3767pt.
File: part1.pdf Graphic file (type pdf)
<use part1.pdf, page 14>
Package pdftex.def Info: part1.pdf , page14 used on input line 13.
(pdftex.def)             Requested size: 211.26074pt x 149.3767pt.
File: part1.pdf Graphic file (type pdf)
<use part1.pdf, page 14>
Package pdftex.def Info: part1.pdf , page14 used on input line 13.
(pdftex.def)             Requested size: 211.26074pt x 149.3767pt.
 [7

 <./part1.pdf>]
File: part1.pdf Graphic file (type pdf)
<use part1.pdf>
Package pdftex.def Info: part1.pdf  used on input line 13.
(pdftex.def)             Requested size: 211.26074pt x 149.3767pt.
File: part1.pdf Graphic file (type pdf)
<use part1.pdf>
Package pdftex.def Info: part1.pdf  used on input line 13.
(pdftex.def)             Requested size: 211.26074pt x 149.3767pt.
<part1.pdf, id=63, page=16, 211.26128pt x 149.37708pt>
File: part1.pdf Graphic file (type pdf)
<use part1.pdf, page 16>
Package pdftex.def Info: part1.pdf , page16 used on input line 13.
(pdftex.def)             Requested size: 211.26074pt x 149.3767pt.
File: part1.pdf Graphic file (type pdf)
<use part1.pdf, page 16>
Package pdftex.def Info: part1.pdf , page16 used on input line 13.
(pdftex.def)             Requested size: 211.26074pt x 149.3767pt.
File: part1.pdf Graphic file (type pdf)
<use part1.pdf, page 16>
Package pdftex.def Info: part1.pdf , page16 used on input line 13.
(pdftex.def)             Requested size: 211.26074pt x 149.3767pt.
File: part1.pdf Graphic file (type pdf)
<use part1.pdf, page 16>
Package pdftex.def Info: part1.pdf , page16 used on input line 13.
(pdftex.def)             Requested size: 211.26074pt x 149.3767pt.
File: part1.pdf Graphic file (type pdf)
<use part1.pdf, page 16>
Package pdftex.def Info: part1.pdf , page16 used on input line 13.
(pdftex.def)             Requested size: 211.26074pt x 149.3767pt.
 [8

 <./part1.pdf>]
File: part1.pdf Graphic file (type pdf)
<use part1.pdf>
Package pdftex.def Info: part1.pdf  used on input line 13.
(pdftex.def)             Requested size: 211.26074pt x 149.3767pt.
File: part1.pdf Graphic file (type pdf)
<use part1.pdf>
Package pdftex.def Info: part1.pdf  used on input line 13.
(pdftex.def)             Requested size: 211.26074pt x 149.3767pt.
<part1.pdf, id=69, page=18, 211.26128pt x 149.37708pt>
File: part1.pdf Graphic file (type pdf)
<use part1.pdf, page 18>
Package pdftex.def Info: part1.pdf , page18 used on input line 13.
(pdftex.def)             Requested size: 211.26074pt x 149.3767pt.
File: part1.pdf Graphic file (type pdf)
<use part1.pdf, page 18>
Package pdftex.def Info: part1.pdf , page18 used on input line 13.
(pdftex.def)             Requested size: 211.26074pt x 149.3767pt.
File: part1.pdf Graphic file (type pdf)
<use part1.pdf, page 18>
Package pdftex.def Info: part1.pdf , page18 used on input line 13.
(pdftex.def)             Requested size: 211.26074pt x 149.3767pt.
File: part1.pdf Graphic file (type pdf)
<use part1.pdf, page 18>
Package pdftex.def Info: part1.pdf , page18 used on input line 13.
(pdftex.def)             Requested size: 211.26074pt x 149.3767pt.
File: part1.pdf Graphic file (type pdf)
<use part1.pdf, page 18>
Package pdftex.def Info: part1.pdf , page18 used on input line 13.
(pdftex.def)             Requested size: 211.26074pt x 149.3767pt.
 [9

 <./part1.pdf>]
File: part1.pdf Graphic file (type pdf)
<use part1.pdf>
Package pdftex.def Info: part1.pdf  used on input line 13.
(pdftex.def)             Requested size: 211.26074pt x 149.3767pt.
File: part1.pdf Graphic file (type pdf)
<use part1.pdf>
Package pdftex.def Info: part1.pdf  used on input line 13.
(pdftex.def)             Requested size: 211.26074pt x 149.3767pt.
<part1.pdf, id=75, page=20, 211.26128pt x 149.37708pt>
File: part1.pdf Graphic file (type pdf)
<use part1.pdf, page 20>
Package pdftex.def Info: part1.pdf , page20 used on input line 13.
(pdftex.def)             Requested size: 211.26074pt x 149.3767pt.
File: part1.pdf Graphic file (type pdf)
<use part1.pdf, page 20>
Package pdftex.def Info: part1.pdf , page20 used on input line 13.
(pdftex.def)             Requested size: 211.26074pt x 149.3767pt.
File: part1.pdf Graphic file (type pdf)
<use part1.pdf, page 20>
Package pdftex.def Info: part1.pdf , page20 used on input line 13.
(pdftex.def)             Requested size: 211.26074pt x 149.3767pt.
File: part1.pdf Graphic file (type pdf)
<use part1.pdf, page 20>
Package pdftex.def Info: part1.pdf , page20 used on input line 13.
(pdftex.def)             Requested size: 211.26074pt x 149.3767pt.
File: part1.pdf Graphic file (type pdf)
<use part1.pdf, page 20>
Package pdftex.def Info: part1.pdf , page20 used on input line 13.
(pdftex.def)             Requested size: 211.26074pt x 149.3767pt.
 [10

 <./part1.pdf>]
File: part1.pdf Graphic file (type pdf)
<use part1.pdf>
Package pdftex.def Info: part1.pdf  used on input line 13.
(pdftex.def)             Requested size: 211.26074pt x 149.3767pt.
File: part1.pdf Graphic file (type pdf)
<use part1.pdf>
Package pdftex.def Info: part1.pdf  used on input line 13.
(pdftex.def)             Requested size: 211.26074pt x 149.3767pt.
<part1.pdf, id=81, page=22, 211.26128pt x 149.37708pt>
File: part1.pdf Graphic file (type pdf)
<use part1.pdf, page 22>
Package pdftex.def Info: part1.pdf , page22 used on input line 13.
(pdftex.def)             Requested size: 211.26074pt x 149.3767pt.
File: part1.pdf Graphic file (type pdf)
<use part1.pdf, page 22>
Package pdftex.def Info: part1.pdf , page22 used on input line 13.
(pdftex.def)             Requested size: 211.26074pt x 149.3767pt.
File: part1.pdf Graphic file (type pdf)
<use part1.pdf, page 22>
Package pdftex.def Info: part1.pdf , page22 used on input line 13.
(pdftex.def)             Requested size: 211.26074pt x 149.3767pt.
File: part1.pdf Graphic file (type pdf)
<use part1.pdf, page 22>
Package pdftex.def Info: part1.pdf , page22 used on input line 13.
(pdftex.def)             Requested size: 211.26074pt x 149.3767pt.
File: part1.pdf Graphic file (type pdf)
<use part1.pdf, page 22>
Package pdftex.def Info: part1.pdf , page22 used on input line 13.
(pdftex.def)             Requested size: 211.26074pt x 149.3767pt.
 [11

 <./part1.pdf>]
File: part1.pdf Graphic file (type pdf)
<use part1.pdf>
Package pdftex.def Info: part1.pdf  used on input line 13.
(pdftex.def)             Requested size: 211.26074pt x 149.3767pt.
File: part1.pdf Graphic file (type pdf)
<use part1.pdf>
Package pdftex.def Info: part1.pdf  used on input line 13.
(pdftex.def)             Requested size: 211.26074pt x 149.3767pt.
<part1.pdf, id=87, page=24, 211.26128pt x 149.37708pt>
File: part1.pdf Graphic file (type pdf)
<use part1.pdf, page 24>
Package pdftex.def Info: part1.pdf , page24 used on input line 13.
(pdftex.def)             Requested size: 211.26074pt x 149.3767pt.
File: part1.pdf Graphic file (type pdf)
<use part1.pdf, page 24>
Package pdftex.def Info: part1.pdf , page24 used on input line 13.
(pdftex.def)             Requested size: 211.26074pt x 149.3767pt.
File: part1.pdf Graphic file (type pdf)
<use part1.pdf, page 24>
Package pdftex.def Info: part1.pdf , page24 used on input line 13.
(pdftex.def)             Requested size: 211.26074pt x 149.3767pt.
File: part1.pdf Graphic file (type pdf)
<use part1.pdf, page 24>
Package pdftex.def Info: part1.pdf , page24 used on input line 13.
(pdftex.def)             Requested size: 211.26074pt x 149.3767pt.
File: part1.pdf Graphic file (type pdf)
<use part1.pdf, page 24>
Package pdftex.def Info: part1.pdf , page24 used on input line 13.
(pdftex.def)             Requested size: 211.26074pt x 149.3767pt.
 [12

 <./part1.pdf>]
File: part1.pdf Graphic file (type pdf)
<use part1.pdf>
Package pdftex.def Info: part1.pdf  used on input line 13.
(pdftex.def)             Requested size: 211.26074pt x 149.3767pt.
File: part1.pdf Graphic file (type pdf)
<use part1.pdf>
Package pdftex.def Info: part1.pdf  used on input line 13.
(pdftex.def)             Requested size: 211.26074pt x 149.3767pt.
<part1.pdf, id=93, page=26, 211.26128pt x 149.37708pt>
File: part1.pdf Graphic file (type pdf)
<use part1.pdf, page 26>
Package pdftex.def Info: part1.pdf , page26 used on input line 13.
(pdftex.def)             Requested size: 211.26074pt x 149.3767pt.
File: part1.pdf Graphic file (type pdf)
<use part1.pdf, page 26>
Package pdftex.def Info: part1.pdf , page26 used on input line 13.
(pdftex.def)             Requested size: 211.26074pt x 149.3767pt.
File: part1.pdf Graphic file (type pdf)
<use part1.pdf, page 26>
Package pdftex.def Info: part1.pdf , page26 used on input line 13.
(pdftex.def)             Requested size: 211.26074pt x 149.3767pt.
File: part1.pdf Graphic file (type pdf)
<use part1.pdf, page 26>
Package pdftex.def Info: part1.pdf , page26 used on input line 13.
(pdftex.def)             Requested size: 211.26074pt x 149.3767pt.
File: part1.pdf Graphic file (type pdf)
<use part1.pdf, page 26>
Package pdftex.def Info: part1.pdf , page26 used on input line 13.
(pdftex.def)             Requested size: 211.26074pt x 149.3767pt.
 [13

 <./part1.pdf>]
File: part1.pdf Graphic file (type pdf)
<use part1.pdf>
Package pdftex.def Info: part1.pdf  used on input line 13.
(pdftex.def)             Requested size: 211.26074pt x 149.3767pt.
File: part1.pdf Graphic file (type pdf)
<use part1.pdf>
Package pdftex.def Info: part1.pdf  used on input line 13.
(pdftex.def)             Requested size: 211.26074pt x 149.3767pt.
<part1.pdf, id=100, page=28, 211.26128pt x 149.37708pt>
File: part1.pdf Graphic file (type pdf)
<use part1.pdf, page 28>
Package pdftex.def Info: part1.pdf , page28 used on input line 13.
(pdftex.def)             Requested size: 211.26074pt x 149.3767pt.
File: part1.pdf Graphic file (type pdf)
<use part1.pdf, page 28>
Package pdftex.def Info: part1.pdf , page28 used on input line 13.
(pdftex.def)             Requested size: 211.26074pt x 149.3767pt.
File: part1.pdf Graphic file (type pdf)
<use part1.pdf, page 28>
Package pdftex.def Info: part1.pdf , page28 used on input line 13.
(pdftex.def)             Requested size: 211.26074pt x 149.3767pt.
File: part1.pdf Graphic file (type pdf)
<use part1.pdf, page 28>
Package pdftex.def Info: part1.pdf , page28 used on input line 13.
(pdftex.def)             Requested size: 211.26074pt x 149.3767pt.
File: part1.pdf Graphic file (type pdf)
<use part1.pdf, page 28>
Package pdftex.def Info: part1.pdf , page28 used on input line 13.
(pdftex.def)             Requested size: 211.26074pt x 149.3767pt.
 [14

 <./part1.pdf>]
File: part1.pdf Graphic file (type pdf)
<use part1.pdf>
Package pdftex.def Info: part1.pdf  used on input line 13.
(pdftex.def)             Requested size: 211.26074pt x 149.3767pt.
File: part1.pdf Graphic file (type pdf)
<use part1.pdf>
Package pdftex.def Info: part1.pdf  used on input line 13.
(pdftex.def)             Requested size: 211.26074pt x 149.3767pt.
<part1.pdf, id=106, page=30, 211.26128pt x 149.37708pt>
File: part1.pdf Graphic file (type pdf)
<use part1.pdf, page 30>
Package pdftex.def Info: part1.pdf , page30 used on input line 13.
(pdftex.def)             Requested size: 211.26074pt x 149.3767pt.
File: part1.pdf Graphic file (type pdf)
<use part1.pdf, page 30>
Package pdftex.def Info: part1.pdf , page30 used on input line 13.
(pdftex.def)             Requested size: 211.26074pt x 149.3767pt.
File: part1.pdf Graphic file (type pdf)
<use part1.pdf, page 30>
Package pdftex.def Info: part1.pdf , page30 used on input line 13.
(pdftex.def)             Requested size: 211.26074pt x 149.3767pt.
File: part1.pdf Graphic file (type pdf)
<use part1.pdf, page 30>
Package pdftex.def Info: part1.pdf , page30 used on input line 13.
(pdftex.def)             Requested size: 211.26074pt x 149.3767pt.
File: part1.pdf Graphic file (type pdf)
<use part1.pdf, page 30>
Package pdftex.def Info: part1.pdf , page30 used on input line 13.
(pdftex.def)             Requested size: 211.26074pt x 149.3767pt.
 [15

 <./part1.pdf>]
File: part1.pdf Graphic file (type pdf)
<use part1.pdf>
Package pdftex.def Info: part1.pdf  used on input line 13.
(pdftex.def)             Requested size: 211.26074pt x 149.3767pt.
File: part1.pdf Graphic file (type pdf)
<use part1.pdf>
Package pdftex.def Info: part1.pdf  used on input line 13.
(pdftex.def)             Requested size: 211.26074pt x 149.3767pt.
<part1.pdf, id=112, page=32, 211.26128pt x 149.37708pt>
File: part1.pdf Graphic file (type pdf)
<use part1.pdf, page 32>
Package pdftex.def Info: part1.pdf , page32 used on input line 13.
(pdftex.def)             Requested size: 211.26074pt x 149.3767pt.
File: part1.pdf Graphic file (type pdf)
<use part1.pdf, page 32>
Package pdftex.def Info: part1.pdf , page32 used on input line 13.
(pdftex.def)             Requested size: 211.26074pt x 149.3767pt.
File: part1.pdf Graphic file (type pdf)
<use part1.pdf, page 32>
Package pdftex.def Info: part1.pdf , page32 used on input line 13.
(pdftex.def)             Requested size: 211.26074pt x 149.3767pt.
File: part1.pdf Graphic file (type pdf)
<use part1.pdf, page 32>
Package pdftex.def Info: part1.pdf , page32 used on input line 13.
(pdftex.def)             Requested size: 211.26074pt x 149.3767pt.
File: part1.pdf Graphic file (type pdf)
<use part1.pdf, page 32>
Package pdftex.def Info: part1.pdf , page32 used on input line 13.
(pdftex.def)             Requested size: 211.26074pt x 149.3767pt.
 [16

 <./part1.pdf>]
File: part1.pdf Graphic file (type pdf)
<use part1.pdf>
Package pdftex.def Info: part1.pdf  used on input line 13.
(pdftex.def)             Requested size: 211.26074pt x 149.3767pt.
File: part1.pdf Graphic file (type pdf)
<use part1.pdf>
Package pdftex.def Info: part1.pdf  used on input line 13.
(pdftex.def)             Requested size: 211.26074pt x 149.3767pt.
<part1.pdf, id=118, page=34, 211.26128pt x 149.37708pt>
File: part1.pdf Graphic file (type pdf)
<use part1.pdf, page 34>
Package pdftex.def Info: part1.pdf , page34 used on input line 13.
(pdftex.def)             Requested size: 211.26074pt x 149.3767pt.
File: part1.pdf Graphic file (type pdf)
<use part1.pdf, page 34>
Package pdftex.def Info: part1.pdf , page34 used on input line 13.
(pdftex.def)             Requested size: 211.26074pt x 149.3767pt.
File: part1.pdf Graphic file (type pdf)
<use part1.pdf, page 34>
Package pdftex.def Info: part1.pdf , page34 used on input line 13.
(pdftex.def)             Requested size: 211.26074pt x 149.3767pt.
File: part1.pdf Graphic file (type pdf)
<use part1.pdf, page 34>
Package pdftex.def Info: part1.pdf , page34 used on input line 13.
(pdftex.def)             Requested size: 211.26074pt x 149.3767pt.
File: part1.pdf Graphic file (type pdf)
<use part1.pdf, page 34>
Package pdftex.def Info: part1.pdf , page34 used on input line 13.
(pdftex.def)             Requested size: 211.26074pt x 149.3767pt.
 [17

 <./part1.pdf>]
File: part1.pdf Graphic file (type pdf)
<use part1.pdf>
Package pdftex.def Info: part1.pdf  used on input line 13.
(pdftex.def)             Requested size: 211.26074pt x 149.3767pt.
File: part1.pdf Graphic file (type pdf)
<use part1.pdf>
Package pdftex.def Info: part1.pdf  used on input line 13.
(pdftex.def)             Requested size: 211.26074pt x 149.3767pt.
<part1.pdf, id=124, page=36, 211.26128pt x 149.37708pt>
File: part1.pdf Graphic file (type pdf)
<use part1.pdf, page 36>
Package pdftex.def Info: part1.pdf , page36 used on input line 13.
(pdftex.def)             Requested size: 211.26074pt x 149.3767pt.
File: part1.pdf Graphic file (type pdf)
<use part1.pdf, page 36>
Package pdftex.def Info: part1.pdf , page36 used on input line 13.
(pdftex.def)             Requested size: 211.26074pt x 149.3767pt.
File: part1.pdf Graphic file (type pdf)
<use part1.pdf, page 36>
Package pdftex.def Info: part1.pdf , page36 used on input line 13.
(pdftex.def)             Requested size: 211.26074pt x 149.3767pt.
File: part1.pdf Graphic file (type pdf)
<use part1.pdf, page 36>
Package pdftex.def Info: part1.pdf , page36 used on input line 13.
(pdftex.def)             Requested size: 211.26074pt x 149.3767pt.
File: part1.pdf Graphic file (type pdf)
<use part1.pdf, page 36>
Package pdftex.def Info: part1.pdf , page36 used on input line 13.
(pdftex.def)             Requested size: 211.26074pt x 149.3767pt.
 [18

 <./part1.pdf>]
File: part1.pdf Graphic file (type pdf)
<use part1.pdf>
Package pdftex.def Info: part1.pdf  used on input line 13.
(pdftex.def)             Requested size: 211.26074pt x 149.3767pt.
File: part1.pdf Graphic file (type pdf)
<use part1.pdf>
Package pdftex.def Info: part1.pdf  used on input line 13.
(pdftex.def)             Requested size: 211.26074pt x 149.3767pt.
<part1.pdf, id=130, page=38, 211.26128pt x 149.37708pt>
File: part1.pdf Graphic file (type pdf)
<use part1.pdf, page 38>
Package pdftex.def Info: part1.pdf , page38 used on input line 13.
(pdftex.def)             Requested size: 211.26074pt x 149.3767pt.
File: part1.pdf Graphic file (type pdf)
<use part1.pdf, page 38>
Package pdftex.def Info: part1.pdf , page38 used on input line 13.
(pdftex.def)             Requested size: 211.26074pt x 149.3767pt.
File: part1.pdf Graphic file (type pdf)
<use part1.pdf, page 38>
Package pdftex.def Info: part1.pdf , page38 used on input line 13.
(pdftex.def)             Requested size: 211.26074pt x 149.3767pt.
File: part1.pdf Graphic file (type pdf)
<use part1.pdf, page 38>
Package pdftex.def Info: part1.pdf , page38 used on input line 13.
(pdftex.def)             Requested size: 211.26074pt x 149.3767pt.
File: part1.pdf Graphic file (type pdf)
<use part1.pdf, page 38>
Package pdftex.def Info: part1.pdf , page38 used on input line 13.
(pdftex.def)             Requested size: 211.26074pt x 149.3767pt.
 [19

 <./part1.pdf>]
File: part1.pdf Graphic file (type pdf)
<use part1.pdf>
Package pdftex.def Info: part1.pdf  used on input line 13.
(pdftex.def)             Requested size: 211.26074pt x 149.3767pt.
File: part1.pdf Graphic file (type pdf)
<use part1.pdf>
Package pdftex.def Info: part1.pdf  used on input line 13.
(pdftex.def)             Requested size: 211.26074pt x 149.3767pt.
<part1.pdf, id=137, page=40, 211.26128pt x 149.37708pt>
File: part1.pdf Graphic file (type pdf)
<use part1.pdf, page 40>
Package pdftex.def Info: part1.pdf , page40 used on input line 13.
(pdftex.def)             Requested size: 211.26074pt x 149.3767pt.
File: part1.pdf Graphic file (type pdf)
<use part1.pdf, page 40>
Package pdftex.def Info: part1.pdf , page40 used on input line 13.
(pdftex.def)             Requested size: 211.26074pt x 149.3767pt.
File: part1.pdf Graphic file (type pdf)
<use part1.pdf, page 40>
Package pdftex.def Info: part1.pdf , page40 used on input line 13.
(pdftex.def)             Requested size: 211.26074pt x 149.3767pt.
File: part1.pdf Graphic file (type pdf)
<use part1.pdf, page 40>
Package pdftex.def Info: part1.pdf , page40 used on input line 13.
(pdftex.def)             Requested size: 211.26074pt x 149.3767pt.
File: part1.pdf Graphic file (type pdf)
<use part1.pdf, page 40>
Package pdftex.def Info: part1.pdf , page40 used on input line 13.
(pdftex.def)             Requested size: 211.26074pt x 149.3767pt.
 [20

 <./part1.pdf>]
File: part1.pdf Graphic file (type pdf)
<use part1.pdf>
Package pdftex.def Info: part1.pdf  used on input line 13.
(pdftex.def)             Requested size: 211.26074pt x 149.3767pt.
File: part1.pdf Graphic file (type pdf)
<use part1.pdf>
Package pdftex.def Info: part1.pdf  used on input line 13.
(pdftex.def)             Requested size: 211.26074pt x 149.3767pt.
<part1.pdf, id=143, page=42, 211.26128pt x 149.37708pt>
File: part1.pdf Graphic file (type pdf)
<use part1.pdf, page 42>
Package pdftex.def Info: part1.pdf , page42 used on input line 13.
(pdftex.def)             Requested size: 211.26074pt x 149.3767pt.
File: part1.pdf Graphic file (type pdf)
<use part1.pdf, page 42>
Package pdftex.def Info: part1.pdf , page42 used on input line 13.
(pdftex.def)             Requested size: 211.26074pt x 149.3767pt.
File: part1.pdf Graphic file (type pdf)
<use part1.pdf, page 42>
Package pdftex.def Info: part1.pdf , page42 used on input line 13.
(pdftex.def)             Requested size: 211.26074pt x 149.3767pt.
File: part1.pdf Graphic file (type pdf)
<use part1.pdf, page 42>
Package pdftex.def Info: part1.pdf , page42 used on input line 13.
(pdftex.def)             Requested size: 211.26074pt x 149.3767pt.
File: part1.pdf Graphic file (type pdf)
<use part1.pdf, page 42>
Package pdftex.def Info: part1.pdf , page42 used on input line 13.
(pdftex.def)             Requested size: 211.26074pt x 149.3767pt.
 [21

 <./part1.pdf>]
File: part1.pdf Graphic file (type pdf)
<use part1.pdf>
Package pdftex.def Info: part1.pdf  used on input line 13.
(pdftex.def)             Requested size: 211.26074pt x 149.3767pt.
File: part1.pdf Graphic file (type pdf)
<use part1.pdf>
Package pdftex.def Info: part1.pdf  used on input line 13.
(pdftex.def)             Requested size: 211.26074pt x 149.3767pt.
<part1.pdf, id=149, page=44, 211.26128pt x 149.37708pt>
File: part1.pdf Graphic file (type pdf)
<use part1.pdf, page 44>
Package pdftex.def Info: part1.pdf , page44 used on input line 13.
(pdftex.def)             Requested size: 211.26074pt x 149.3767pt.
File: part1.pdf Graphic file (type pdf)
<use part1.pdf, page 44>
Package pdftex.def Info: part1.pdf , page44 used on input line 13.
(pdftex.def)             Requested size: 211.26074pt x 149.3767pt.
File: part1.pdf Graphic file (type pdf)
<use part1.pdf, page 44>
Package pdftex.def Info: part1.pdf , page44 used on input line 13.
(pdftex.def)             Requested size: 211.26074pt x 149.3767pt.
File: part1.pdf Graphic file (type pdf)
<use part1.pdf, page 44>
Package pdftex.def Info: part1.pdf , page44 used on input line 13.
(pdftex.def)             Requested size: 211.26074pt x 149.3767pt.
File: part1.pdf Graphic file (type pdf)
<use part1.pdf, page 44>
Package pdftex.def Info: part1.pdf , page44 used on input line 13.
(pdftex.def)             Requested size: 211.26074pt x 149.3767pt.
 [22

 <./part1.pdf>]
File: part1.pdf Graphic file (type pdf)
<use part1.pdf>
Package pdftex.def Info: part1.pdf  used on input line 13.
(pdftex.def)             Requested size: 211.26074pt x 149.3767pt.
File: part1.pdf Graphic file (type pdf)
<use part1.pdf>
Package pdftex.def Info: part1.pdf  used on input line 13.
(pdftex.def)             Requested size: 211.26074pt x 149.3767pt.
<part1.pdf, id=155, page=46, 211.26128pt x 149.37708pt>
File: part1.pdf Graphic file (type pdf)
<use part1.pdf, page 46>
Package pdftex.def Info: part1.pdf , page46 used on input line 13.
(pdftex.def)             Requested size: 211.26074pt x 149.3767pt.
File: part1.pdf Graphic file (type pdf)
<use part1.pdf, page 46>
Package pdftex.def Info: part1.pdf , page46 used on input line 13.
(pdftex.def)             Requested size: 211.26074pt x 149.3767pt.
File: part1.pdf Graphic file (type pdf)
<use part1.pdf, page 46>
Package pdftex.def Info: part1.pdf , page46 used on input line 13.
(pdftex.def)             Requested size: 211.26074pt x 149.3767pt.
File: part1.pdf Graphic file (type pdf)
<use part1.pdf, page 46>
Package pdftex.def Info: part1.pdf , page46 used on input line 13.
(pdftex.def)             Requested size: 211.26074pt x 149.3767pt.
File: part1.pdf Graphic file (type pdf)
<use part1.pdf, page 46>
Package pdftex.def Info: part1.pdf , page46 used on input line 13.
(pdftex.def)             Requested size: 211.26074pt x 149.3767pt.
 [23

 <./part1.pdf>]
File: part1.pdf Graphic file (type pdf)
<use part1.pdf>
Package pdftex.def Info: part1.pdf  used on input line 13.
(pdftex.def)             Requested size: 211.26074pt x 149.3767pt.
File: part1.pdf Graphic file (type pdf)
<use part1.pdf>
Package pdftex.def Info: part1.pdf  used on input line 13.
(pdftex.def)             Requested size: 211.26074pt x 149.3767pt.
<part1.pdf, id=161, page=48, 211.26128pt x 149.37708pt>
File: part1.pdf Graphic file (type pdf)
<use part1.pdf, page 48>
Package pdftex.def Info: part1.pdf , page48 used on input line 13.
(pdftex.def)             Requested size: 211.26074pt x 149.3767pt.
File: part1.pdf Graphic file (type pdf)
<use part1.pdf, page 48>
Package pdftex.def Info: part1.pdf , page48 used on input line 13.
(pdftex.def)             Requested size: 211.26074pt x 149.3767pt.
File: part1.pdf Graphic file (type pdf)
<use part1.pdf, page 48>
Package pdftex.def Info: part1.pdf , page48 used on input line 13.
(pdftex.def)             Requested size: 211.26074pt x 149.3767pt.
File: part1.pdf Graphic file (type pdf)
<use part1.pdf, page 48>
Package pdftex.def Info: part1.pdf , page48 used on input line 13.
(pdftex.def)             Requested size: 211.26074pt x 149.3767pt.
File: part1.pdf Graphic file (type pdf)
<use part1.pdf, page 48>
Package pdftex.def Info: part1.pdf , page48 used on input line 13.
(pdftex.def)             Requested size: 211.26074pt x 149.3767pt.
 [24

 <./part1.pdf>]
File: part1.pdf Graphic file (type pdf)
<use part1.pdf>
Package pdftex.def Info: part1.pdf  used on input line 13.
(pdftex.def)             Requested size: 211.26074pt x 149.3767pt.
File: part1.pdf Graphic file (type pdf)
<use part1.pdf>
Package pdftex.def Info: part1.pdf  used on input line 13.
(pdftex.def)             Requested size: 211.26074pt x 149.3767pt.
<part1.pdf, id=167, page=50, 211.26128pt x 149.37708pt>
File: part1.pdf Graphic file (type pdf)
<use part1.pdf, page 50>
Package pdftex.def Info: part1.pdf , page50 used on input line 13.
(pdftex.def)             Requested size: 211.26074pt x 149.3767pt.
File: part1.pdf Graphic file (type pdf)
<use part1.pdf, page 50>
Package pdftex.def Info: part1.pdf , page50 used on input line 13.
(pdftex.def)             Requested size: 211.26074pt x 149.3767pt.
File: part1.pdf Graphic file (type pdf)
<use part1.pdf, page 50>
Package pdftex.def Info: part1.pdf , page50 used on input line 13.
(pdftex.def)             Requested size: 211.26074pt x 149.3767pt.
File: part1.pdf Graphic file (type pdf)
<use part1.pdf, page 50>
Package pdftex.def Info: part1.pdf , page50 used on input line 13.
(pdftex.def)             Requested size: 211.26074pt x 149.3767pt.
File: part1.pdf Graphic file (type pdf)
<use part1.pdf, page 50>
Package pdftex.def Info: part1.pdf , page50 used on input line 13.
(pdftex.def)             Requested size: 211.26074pt x 149.3767pt.
 [25

 <./part1.pdf>]
File: part1.pdf Graphic file (type pdf)
<use part1.pdf>
Package pdftex.def Info: part1.pdf  used on input line 13.
(pdftex.def)             Requested size: 211.26074pt x 149.3767pt.
File: part1.pdf Graphic file (type pdf)
<use part1.pdf>
Package pdftex.def Info: part1.pdf  used on input line 13.
(pdftex.def)             Requested size: 211.26074pt x 149.3767pt.
<part1.pdf, id=174, page=52, 211.26128pt x 149.37708pt>
File: part1.pdf Graphic file (type pdf)
<use part1.pdf, page 52>
Package pdftex.def Info: part1.pdf , page52 used on input line 13.
(pdftex.def)             Requested size: 211.26074pt x 149.3767pt.
File: part1.pdf Graphic file (type pdf)
<use part1.pdf, page 52>
Package pdftex.def Info: part1.pdf , page52 used on input line 13.
(pdftex.def)             Requested size: 211.26074pt x 149.3767pt.
File: part1.pdf Graphic file (type pdf)
<use part1.pdf, page 52>
Package pdftex.def Info: part1.pdf , page52 used on input line 13.
(pdftex.def)             Requested size: 211.26074pt x 149.3767pt.
File: part1.pdf Graphic file (type pdf)
<use part1.pdf, page 52>
Package pdftex.def Info: part1.pdf , page52 used on input line 13.
(pdftex.def)             Requested size: 211.26074pt x 149.3767pt.
File: part1.pdf Graphic file (type pdf)
<use part1.pdf, page 52>
Package pdftex.def Info: part1.pdf , page52 used on input line 13.
(pdftex.def)             Requested size: 211.26074pt x 149.3767pt.
 [26

 <./part1.pdf>]
File: part1.pdf Graphic file (type pdf)
<use part1.pdf>
Package pdftex.def Info: part1.pdf  used on input line 13.
(pdftex.def)             Requested size: 211.26074pt x 149.3767pt.
File: part1.pdf Graphic file (type pdf)
<use part1.pdf>
Package pdftex.def Info: part1.pdf  used on input line 13.
(pdftex.def)             Requested size: 211.26074pt x 149.3767pt.
<part1.pdf, id=180, page=54, 211.26128pt x 149.37708pt>
File: part1.pdf Graphic file (type pdf)
<use part1.pdf, page 54>
Package pdftex.def Info: part1.pdf , page54 used on input line 13.
(pdftex.def)             Requested size: 211.26074pt x 149.3767pt.
File: part1.pdf Graphic file (type pdf)
<use part1.pdf, page 54>
Package pdftex.def Info: part1.pdf , page54 used on input line 13.
(pdftex.def)             Requested size: 211.26074pt x 149.3767pt.
File: part1.pdf Graphic file (type pdf)
<use part1.pdf, page 54>
Package pdftex.def Info: part1.pdf , page54 used on input line 13.
(pdftex.def)             Requested size: 211.26074pt x 149.3767pt.
File: part1.pdf Graphic file (type pdf)
<use part1.pdf, page 54>
Package pdftex.def Info: part1.pdf , page54 used on input line 13.
(pdftex.def)             Requested size: 211.26074pt x 149.3767pt.
File: part1.pdf Graphic file (type pdf)
<use part1.pdf, page 54>
Package pdftex.def Info: part1.pdf , page54 used on input line 13.
(pdftex.def)             Requested size: 211.26074pt x 149.3767pt.
 [27

 <./part1.pdf>]
File: part1.pdf Graphic file (type pdf)
<use part1.pdf>
Package pdftex.def Info: part1.pdf  used on input line 13.
(pdftex.def)             Requested size: 211.26074pt x 149.3767pt.
File: part1.pdf Graphic file (type pdf)
<use part1.pdf>
Package pdftex.def Info: part1.pdf  used on input line 13.
(pdftex.def)             Requested size: 211.26074pt x 149.3767pt.
<part1.pdf, id=186, page=56, 211.26128pt x 149.37708pt>
File: part1.pdf Graphic file (type pdf)
<use part1.pdf, page 56>
Package pdftex.def Info: part1.pdf , page56 used on input line 13.
(pdftex.def)             Requested size: 211.26074pt x 149.3767pt.
File: part1.pdf Graphic file (type pdf)
<use part1.pdf, page 56>
Package pdftex.def Info: part1.pdf , page56 used on input line 13.
(pdftex.def)             Requested size: 211.26074pt x 149.3767pt.
File: part1.pdf Graphic file (type pdf)
<use part1.pdf, page 56>
Package pdftex.def Info: part1.pdf , page56 used on input line 13.
(pdftex.def)             Requested size: 211.26074pt x 149.3767pt.
File: part1.pdf Graphic file (type pdf)
<use part1.pdf, page 56>
Package pdftex.def Info: part1.pdf , page56 used on input line 13.
(pdftex.def)             Requested size: 211.26074pt x 149.3767pt.
File: part1.pdf Graphic file (type pdf)
<use part1.pdf, page 56>
Package pdftex.def Info: part1.pdf , page56 used on input line 13.
(pdftex.def)             Requested size: 211.26074pt x 149.3767pt.
 [28

 <./part1.pdf>]
File: part1.pdf Graphic file (type pdf)
<use part1.pdf>
Package pdftex.def Info: part1.pdf  used on input line 13.
(pdftex.def)             Requested size: 211.26074pt x 149.3767pt.
File: part1.pdf Graphic file (type pdf)
<use part1.pdf>
Package pdftex.def Info: part1.pdf  used on input line 13.
(pdftex.def)             Requested size: 211.26074pt x 149.3767pt.
<part1.pdf, id=192, page=58, 211.26128pt x 149.37708pt>
File: part1.pdf Graphic file (type pdf)
<use part1.pdf, page 58>
Package pdftex.def Info: part1.pdf , page58 used on input line 13.
(pdftex.def)             Requested size: 211.26074pt x 149.3767pt.
File: part1.pdf Graphic file (type pdf)
<use part1.pdf, page 58>
Package pdftex.def Info: part1.pdf , page58 used on input line 13.
(pdftex.def)             Requested size: 211.26074pt x 149.3767pt.
File: part1.pdf Graphic file (type pdf)
<use part1.pdf, page 58>
Package pdftex.def Info: part1.pdf , page58 used on input line 13.
(pdftex.def)             Requested size: 211.26074pt x 149.3767pt.
File: part1.pdf Graphic file (type pdf)
<use part1.pdf, page 58>
Package pdftex.def Info: part1.pdf , page58 used on input line 13.
(pdftex.def)             Requested size: 211.26074pt x 149.3767pt.
File: part1.pdf Graphic file (type pdf)
<use part1.pdf, page 58>
Package pdftex.def Info: part1.pdf , page58 used on input line 13.
(pdftex.def)             Requested size: 211.26074pt x 149.3767pt.
 [29

 <./part1.pdf>]
File: part1.pdf Graphic file (type pdf)
<use part1.pdf>
Package pdftex.def Info: part1.pdf  used on input line 13.
(pdftex.def)             Requested size: 211.26074pt x 149.3767pt.
File: part1.pdf Graphic file (type pdf)
<use part1.pdf>
Package pdftex.def Info: part1.pdf  used on input line 13.
(pdftex.def)             Requested size: 211.26074pt x 149.3767pt.
<part1.pdf, id=198, page=60, 211.26128pt x 149.37708pt>
File: part1.pdf Graphic file (type pdf)
<use part1.pdf, page 60>
Package pdftex.def Info: part1.pdf , page60 used on input line 13.
(pdftex.def)             Requested size: 211.26074pt x 149.3767pt.
File: part1.pdf Graphic file (type pdf)
<use part1.pdf, page 60>
Package pdftex.def Info: part1.pdf , page60 used on input line 13.
(pdftex.def)             Requested size: 211.26074pt x 149.3767pt.
File: part1.pdf Graphic file (type pdf)
<use part1.pdf, page 60>
Package pdftex.def Info: part1.pdf , page60 used on input line 13.
(pdftex.def)             Requested size: 211.26074pt x 149.3767pt.
File: part1.pdf Graphic file (type pdf)
<use part1.pdf, page 60>
Package pdftex.def Info: part1.pdf , page60 used on input line 13.
(pdftex.def)             Requested size: 211.26074pt x 149.3767pt.
File: part1.pdf Graphic file (type pdf)
<use part1.pdf, page 60>
Package pdftex.def Info: part1.pdf , page60 used on input line 13.
(pdftex.def)             Requested size: 211.26074pt x 149.3767pt.
 [30

 <./part1.pdf>]
File: part1.pdf Graphic file (type pdf)
<use part1.pdf>
Package pdftex.def Info: part1.pdf  used on input line 13.
(pdftex.def)             Requested size: 211.26074pt x 149.3767pt.
File: part1.pdf Graphic file (type pdf)
<use part1.pdf>
Package pdftex.def Info: part1.pdf  used on input line 13.
(pdftex.def)             Requested size: 211.26074pt x 149.3767pt.
<part1.pdf, id=204, page=62, 211.26128pt x 149.37708pt>
File: part1.pdf Graphic file (type pdf)
<use part1.pdf, page 62>
Package pdftex.def Info: part1.pdf , page62 used on input line 13.
(pdftex.def)             Requested size: 211.26074pt x 149.3767pt.
File: part1.pdf Graphic file (type pdf)
<use part1.pdf, page 62>
Package pdftex.def Info: part1.pdf , page62 used on input line 13.
(pdftex.def)             Requested size: 211.26074pt x 149.3767pt.
File: part1.pdf Graphic file (type pdf)
<use part1.pdf, page 62>
Package pdftex.def Info: part1.pdf , page62 used on input line 13.
(pdftex.def)             Requested size: 211.26074pt x 149.3767pt.
File: part1.pdf Graphic file (type pdf)
<use part1.pdf, page 62>
Package pdftex.def Info: part1.pdf , page62 used on input line 13.
(pdftex.def)             Requested size: 211.26074pt x 149.3767pt.
File: part1.pdf Graphic file (type pdf)
<use part1.pdf, page 62>
Package pdftex.def Info: part1.pdf , page62 used on input line 13.
(pdftex.def)             Requested size: 211.26074pt x 149.3767pt.
 [31

 <./part1.pdf>]
File: part1.pdf Graphic file (type pdf)
<use part1.pdf>
Package pdftex.def Info: part1.pdf  used on input line 13.
(pdftex.def)             Requested size: 211.26074pt x 149.3767pt.
File: part1.pdf Graphic file (type pdf)
<use part1.pdf>
Package pdftex.def Info: part1.pdf  used on input line 13.
(pdftex.def)             Requested size: 211.26074pt x 149.3767pt.
<part1.pdf, id=211, page=64, 211.26128pt x 149.37708pt>
File: part1.pdf Graphic file (type pdf)
<use part1.pdf, page 64>
Package pdftex.def Info: part1.pdf , page64 used on input line 13.
(pdftex.def)             Requested size: 211.26074pt x 149.3767pt.
File: part1.pdf Graphic file (type pdf)
<use part1.pdf, page 64>
Package pdftex.def Info: part1.pdf , page64 used on input line 13.
(pdftex.def)             Requested size: 211.26074pt x 149.3767pt.
File: part1.pdf Graphic file (type pdf)
<use part1.pdf, page 64>
Package pdftex.def Info: part1.pdf , page64 used on input line 13.
(pdftex.def)             Requested size: 211.26074pt x 149.3767pt.
File: part1.pdf Graphic file (type pdf)
<use part1.pdf, page 64>
Package pdftex.def Info: part1.pdf , page64 used on input line 13.
(pdftex.def)             Requested size: 211.26074pt x 149.3767pt.
File: part1.pdf Graphic file (type pdf)
<use part1.pdf, page 64>
Package pdftex.def Info: part1.pdf , page64 used on input line 13.
(pdftex.def)             Requested size: 211.26074pt x 149.3767pt.
 [32

 <./part1.pdf>]
File: part1.pdf Graphic file (type pdf)
<use part1.pdf>
Package pdftex.def Info: part1.pdf  used on input line 13.
(pdftex.def)             Requested size: 211.26074pt x 149.3767pt.
File: part1.pdf Graphic file (type pdf)
<use part1.pdf>
Package pdftex.def Info: part1.pdf  used on input line 13.
(pdftex.def)             Requested size: 211.26074pt x 149.3767pt.
<part1.pdf, id=217, page=66, 211.26128pt x 149.37708pt>
File: part1.pdf Graphic file (type pdf)
<use part1.pdf, page 66>
Package pdftex.def Info: part1.pdf , page66 used on input line 13.
(pdftex.def)             Requested size: 211.26074pt x 149.3767pt.
File: part1.pdf Graphic file (type pdf)
<use part1.pdf, page 66>
Package pdftex.def Info: part1.pdf , page66 used on input line 13.
(pdftex.def)             Requested size: 211.26074pt x 149.3767pt.
File: part1.pdf Graphic file (type pdf)
<use part1.pdf, page 66>
Package pdftex.def Info: part1.pdf , page66 used on input line 13.
(pdftex.def)             Requested size: 211.26074pt x 149.3767pt.
File: part1.pdf Graphic file (type pdf)
<use part1.pdf, page 66>
Package pdftex.def Info: part1.pdf , page66 used on input line 13.
(pdftex.def)             Requested size: 211.26074pt x 149.3767pt.
File: part1.pdf Graphic file (type pdf)
<use part1.pdf, page 66>
Package pdftex.def Info: part1.pdf , page66 used on input line 13.
(pdftex.def)             Requested size: 211.26074pt x 149.3767pt.
 [33

 <./part1.pdf>]
File: part1.pdf Graphic file (type pdf)
<use part1.pdf>
Package pdftex.def Info: part1.pdf  used on input line 13.
(pdftex.def)             Requested size: 211.26074pt x 149.3767pt.
File: part1.pdf Graphic file (type pdf)
<use part1.pdf>
Package pdftex.def Info: part1.pdf  used on input line 13.
(pdftex.def)             Requested size: 211.26074pt x 149.3767pt.
<part1.pdf, id=223, page=68, 211.26128pt x 149.37708pt>
File: part1.pdf Graphic file (type pdf)
<use part1.pdf, page 68>
Package pdftex.def Info: part1.pdf , page68 used on input line 13.
(pdftex.def)             Requested size: 211.26074pt x 149.3767pt.
File: part1.pdf Graphic file (type pdf)
<use part1.pdf, page 68>
Package pdftex.def Info: part1.pdf , page68 used on input line 13.
(pdftex.def)             Requested size: 211.26074pt x 149.3767pt.
File: part1.pdf Graphic file (type pdf)
<use part1.pdf, page 68>
Package pdftex.def Info: part1.pdf , page68 used on input line 13.
(pdftex.def)             Requested size: 211.26074pt x 149.3767pt.
File: part1.pdf Graphic file (type pdf)
<use part1.pdf, page 68>
Package pdftex.def Info: part1.pdf , page68 used on input line 13.
(pdftex.def)             Requested size: 211.26074pt x 149.3767pt.
File: part1.pdf Graphic file (type pdf)
<use part1.pdf, page 68>
Package pdftex.def Info: part1.pdf , page68 used on input line 13.
(pdftex.def)             Requested size: 211.26074pt x 149.3767pt.
 [34

 <./part1.pdf>]
File: part1.pdf Graphic file (type pdf)
<use part1.pdf>
Package pdftex.def Info: part1.pdf  used on input line 13.
(pdftex.def)             Requested size: 211.26074pt x 149.3767pt.
File: part1.pdf Graphic file (type pdf)
<use part1.pdf>
Package pdftex.def Info: part1.pdf  used on input line 13.
(pdftex.def)             Requested size: 211.26074pt x 149.3767pt.
<part1.pdf, id=229, page=70, 211.26128pt x 149.37708pt>
File: part1.pdf Graphic file (type pdf)
<use part1.pdf, page 70>
Package pdftex.def Info: part1.pdf , page70 used on input line 13.
(pdftex.def)             Requested size: 211.26074pt x 149.3767pt.
File: part1.pdf Graphic file (type pdf)
<use part1.pdf, page 70>
Package pdftex.def Info: part1.pdf , page70 used on input line 13.
(pdftex.def)             Requested size: 211.26074pt x 149.3767pt.
File: part1.pdf Graphic file (type pdf)
<use part1.pdf, page 70>
Package pdftex.def Info: part1.pdf , page70 used on input line 13.
(pdftex.def)             Requested size: 211.26074pt x 149.3767pt.
File: part1.pdf Graphic file (type pdf)
<use part1.pdf, page 70>
Package pdftex.def Info: part1.pdf , page70 used on input line 13.
(pdftex.def)             Requested size: 211.26074pt x 149.3767pt.
File: part1.pdf Graphic file (type pdf)
<use part1.pdf, page 70>
Package pdftex.def Info: part1.pdf , page70 used on input line 13.
(pdftex.def)             Requested size: 211.26074pt x 149.3767pt.
 [35

 <./part1.pdf>]
File: part1.pdf Graphic file (type pdf)
<use part1.pdf>
Package pdftex.def Info: part1.pdf  used on input line 13.
(pdftex.def)             Requested size: 211.26074pt x 149.3767pt.
File: part1.pdf Graphic file (type pdf)
<use part1.pdf>
Package pdftex.def Info: part1.pdf  used on input line 13.
(pdftex.def)             Requested size: 211.26074pt x 149.3767pt.
<part1.pdf, id=235, page=72, 211.26128pt x 149.37708pt>
File: part1.pdf Graphic file (type pdf)
<use part1.pdf, page 72>
Package pdftex.def Info: part1.pdf , page72 used on input line 13.
(pdftex.def)             Requested size: 211.26074pt x 149.3767pt.
File: part1.pdf Graphic file (type pdf)
<use part1.pdf, page 72>
Package pdftex.def Info: part1.pdf , page72 used on input line 13.
(pdftex.def)             Requested size: 211.26074pt x 149.3767pt.
File: part1.pdf Graphic file (type pdf)
<use part1.pdf, page 72>
Package pdftex.def Info: part1.pdf , page72 used on input line 13.
(pdftex.def)             Requested size: 211.26074pt x 149.3767pt.
File: part1.pdf Graphic file (type pdf)
<use part1.pdf, page 72>
Package pdftex.def Info: part1.pdf , page72 used on input line 13.
(pdftex.def)             Requested size: 211.26074pt x 149.3767pt.
File: part1.pdf Graphic file (type pdf)
<use part1.pdf, page 72>
Package pdftex.def Info: part1.pdf , page72 used on input line 13.
(pdftex.def)             Requested size: 211.26074pt x 149.3767pt.
 [36

 <./part1.pdf>]
File: part1.pdf Graphic file (type pdf)
<use part1.pdf>
Package pdftex.def Info: part1.pdf  used on input line 13.
(pdftex.def)             Requested size: 211.26074pt x 149.3767pt.
File: part1.pdf Graphic file (type pdf)
<use part1.pdf>
Package pdftex.def Info: part1.pdf  used on input line 13.
(pdftex.def)             Requested size: 211.26074pt x 149.3767pt.
<part1.pdf, id=241, page=74, 211.26128pt x 149.37708pt>
File: part1.pdf Graphic file (type pdf)
<use part1.pdf, page 74>
Package pdftex.def Info: part1.pdf , page74 used on input line 13.
(pdftex.def)             Requested size: 211.26074pt x 149.3767pt.
File: part1.pdf Graphic file (type pdf)
<use part1.pdf, page 74>
Package pdftex.def Info: part1.pdf , page74 used on input line 13.
(pdftex.def)             Requested size: 211.26074pt x 149.3767pt.
File: part1.pdf Graphic file (type pdf)
<use part1.pdf, page 74>
Package pdftex.def Info: part1.pdf , page74 used on input line 13.
(pdftex.def)             Requested size: 211.26074pt x 149.3767pt.
File: part1.pdf Graphic file (type pdf)
<use part1.pdf, page 74>
Package pdftex.def Info: part1.pdf , page74 used on input line 13.
(pdftex.def)             Requested size: 211.26074pt x 149.3767pt.
File: part1.pdf Graphic file (type pdf)
<use part1.pdf, page 74>
Package pdftex.def Info: part1.pdf , page74 used on input line 13.
(pdftex.def)             Requested size: 211.26074pt x 149.3767pt.
 [37

 <./part1.pdf>]
File: part1.pdf Graphic file (type pdf)
<use part1.pdf>
Package pdftex.def Info: part1.pdf  used on input line 13.
(pdftex.def)             Requested size: 211.26074pt x 149.3767pt.
File: part1.pdf Graphic file (type pdf)
<use part1.pdf>
Package pdftex.def Info: part1.pdf  used on input line 13.
(pdftex.def)             Requested size: 211.26074pt x 149.3767pt.
<part1.pdf, id=248, page=76, 211.26128pt x 149.37708pt>
File: part1.pdf Graphic file (type pdf)
<use part1.pdf, page 76>
Package pdftex.def Info: part1.pdf , page76 used on input line 13.
(pdftex.def)             Requested size: 211.26074pt x 149.3767pt.
File: part1.pdf Graphic file (type pdf)
<use part1.pdf, page 76>
Package pdftex.def Info: part1.pdf , page76 used on input line 13.
(pdftex.def)             Requested size: 211.26074pt x 149.3767pt.
File: part1.pdf Graphic file (type pdf)
<use part1.pdf, page 76>
Package pdftex.def Info: part1.pdf , page76 used on input line 13.
(pdftex.def)             Requested size: 211.26074pt x 149.3767pt.
File: part1.pdf Graphic file (type pdf)
<use part1.pdf, page 76>
Package pdftex.def Info: part1.pdf , page76 used on input line 13.
(pdftex.def)             Requested size: 211.26074pt x 149.3767pt.
File: part1.pdf Graphic file (type pdf)
<use part1.pdf, page 76>
Package pdftex.def Info: part1.pdf , page76 used on input line 13.
(pdftex.def)             Requested size: 211.26074pt x 149.3767pt.
 [38

 <./part1.pdf>]
File: part1.pdf Graphic file (type pdf)
<use part1.pdf>
Package pdftex.def Info: part1.pdf  used on input line 13.
(pdftex.def)             Requested size: 211.26074pt x 149.3767pt.
File: part1.pdf Graphic file (type pdf)
<use part1.pdf>
Package pdftex.def Info: part1.pdf  used on input line 13.
(pdftex.def)             Requested size: 211.26074pt x 149.3767pt.
<part1.pdf, id=254, page=78, 211.26128pt x 149.37708pt>
File: part1.pdf Graphic file (type pdf)
<use part1.pdf, page 78>
Package pdftex.def Info: part1.pdf , page78 used on input line 13.
(pdftex.def)             Requested size: 211.26074pt x 149.3767pt.
File: part1.pdf Graphic file (type pdf)
<use part1.pdf, page 78>
Package pdftex.def Info: part1.pdf , page78 used on input line 13.
(pdftex.def)             Requested size: 211.26074pt x 149.3767pt.
File: part1.pdf Graphic file (type pdf)
<use part1.pdf, page 78>
Package pdftex.def Info: part1.pdf , page78 used on input line 13.
(pdftex.def)             Requested size: 211.26074pt x 149.3767pt.
File: part1.pdf Graphic file (type pdf)
<use part1.pdf, page 78>
Package pdftex.def Info: part1.pdf , page78 used on input line 13.
(pdftex.def)             Requested size: 211.26074pt x 149.3767pt.
File: part1.pdf Graphic file (type pdf)
<use part1.pdf, page 78>
Package pdftex.def Info: part1.pdf , page78 used on input line 13.
(pdftex.def)             Requested size: 211.26074pt x 149.3767pt.
 [39

 <./part1.pdf>]
File: part1.pdf Graphic file (type pdf)
<use part1.pdf>
Package pdftex.def Info: part1.pdf  used on input line 13.
(pdftex.def)             Requested size: 211.26074pt x 149.3767pt.
File: part1.pdf Graphic file (type pdf)
<use part1.pdf>
Package pdftex.def Info: part1.pdf  used on input line 13.
(pdftex.def)             Requested size: 211.26074pt x 149.3767pt.
<part1.pdf, id=260, page=80, 211.26128pt x 149.37708pt>
File: part1.pdf Graphic file (type pdf)
<use part1.pdf, page 80>
Package pdftex.def Info: part1.pdf , page80 used on input line 13.
(pdftex.def)             Requested size: 211.26074pt x 149.3767pt.
File: part1.pdf Graphic file (type pdf)
<use part1.pdf, page 80>
Package pdftex.def Info: part1.pdf , page80 used on input line 13.
(pdftex.def)             Requested size: 211.26074pt x 149.3767pt.
File: part1.pdf Graphic file (type pdf)
<use part1.pdf, page 80>
Package pdftex.def Info: part1.pdf , page80 used on input line 13.
(pdftex.def)             Requested size: 211.26074pt x 149.3767pt.
File: part1.pdf Graphic file (type pdf)
<use part1.pdf, page 80>
Package pdftex.def Info: part1.pdf , page80 used on input line 13.
(pdftex.def)             Requested size: 211.26074pt x 149.3767pt.
File: part1.pdf Graphic file (type pdf)
<use part1.pdf, page 80>
Package pdftex.def Info: part1.pdf , page80 used on input line 13.
(pdftex.def)             Requested size: 211.26074pt x 149.3767pt.
 [40

 <./part1.pdf>]
File: part1.pdf Graphic file (type pdf)
<use part1.pdf>
Package pdftex.def Info: part1.pdf  used on input line 13.
(pdftex.def)             Requested size: 211.26074pt x 149.3767pt.
File: part1.pdf Graphic file (type pdf)
<use part1.pdf>
Package pdftex.def Info: part1.pdf  used on input line 13.
(pdftex.def)             Requested size: 211.26074pt x 149.3767pt.
<part1.pdf, id=266, page=82, 211.26128pt x 149.37708pt>
File: part1.pdf Graphic file (type pdf)
<use part1.pdf, page 82>
Package pdftex.def Info: part1.pdf , page82 used on input line 13.
(pdftex.def)             Requested size: 211.26074pt x 149.3767pt.
File: part1.pdf Graphic file (type pdf)
<use part1.pdf, page 82>
Package pdftex.def Info: part1.pdf , page82 used on input line 13.
(pdftex.def)             Requested size: 211.26074pt x 149.3767pt.
File: part1.pdf Graphic file (type pdf)
<use part1.pdf, page 82>
Package pdftex.def Info: part1.pdf , page82 used on input line 13.
(pdftex.def)             Requested size: 211.26074pt x 149.3767pt.
File: part1.pdf Graphic file (type pdf)
<use part1.pdf, page 82>
Package pdftex.def Info: part1.pdf , page82 used on input line 13.
(pdftex.def)             Requested size: 211.26074pt x 149.3767pt.
File: part1.pdf Graphic file (type pdf)
<use part1.pdf, page 82>
Package pdftex.def Info: part1.pdf , page82 used on input line 13.
(pdftex.def)             Requested size: 211.26074pt x 149.3767pt.
 [41

 <./part1.pdf>]
File: part1.pdf Graphic file (type pdf)
<use part1.pdf>
Package pdftex.def Info: part1.pdf  used on input line 13.
(pdftex.def)             Requested size: 211.26074pt x 149.3767pt.
File: part1.pdf Graphic file (type pdf)
<use part1.pdf>
Package pdftex.def Info: part1.pdf  used on input line 13.
(pdftex.def)             Requested size: 211.26074pt x 149.3767pt.
<part1.pdf, id=272, page=84, 211.26128pt x 149.37708pt>
File: part1.pdf Graphic file (type pdf)
<use part1.pdf, page 84>
Package pdftex.def Info: part1.pdf , page84 used on input line 13.
(pdftex.def)             Requested size: 211.26074pt x 149.3767pt.
File: part1.pdf Graphic file (type pdf)
<use part1.pdf, page 84>
Package pdftex.def Info: part1.pdf , page84 used on input line 13.
(pdftex.def)             Requested size: 211.26074pt x 149.3767pt.
File: part1.pdf Graphic file (type pdf)
<use part1.pdf, page 84>
Package pdftex.def Info: part1.pdf , page84 used on input line 13.
(pdftex.def)             Requested size: 211.26074pt x 149.3767pt.
File: part1.pdf Graphic file (type pdf)
<use part1.pdf, page 84>
Package pdftex.def Info: part1.pdf , page84 used on input line 13.
(pdftex.def)             Requested size: 211.26074pt x 149.3767pt.
File: part1.pdf Graphic file (type pdf)
<use part1.pdf, page 84>
Package pdftex.def Info: part1.pdf , page84 used on input line 13.
(pdftex.def)             Requested size: 211.26074pt x 149.3767pt.
 [42

 <./part1.pdf>]
File: part1.pdf Graphic file (type pdf)
<use part1.pdf>
Package pdftex.def Info: part1.pdf  used on input line 13.
(pdftex.def)             Requested size: 211.26074pt x 149.3767pt.
File: part1.pdf Graphic file (type pdf)
<use part1.pdf>
Package pdftex.def Info: part1.pdf  used on input line 13.
(pdftex.def)             Requested size: 211.26074pt x 149.3767pt.
<part1.pdf, id=278, page=86, 211.26128pt x 149.37708pt>
File: part1.pdf Graphic file (type pdf)
<use part1.pdf, page 86>
Package pdftex.def Info: part1.pdf , page86 used on input line 13.
(pdftex.def)             Requested size: 211.26074pt x 149.3767pt.
File: part1.pdf Graphic file (type pdf)
<use part1.pdf, page 86>
Package pdftex.def Info: part1.pdf , page86 used on input line 13.
(pdftex.def)             Requested size: 211.26074pt x 149.3767pt.
File: part1.pdf Graphic file (type pdf)
<use part1.pdf, page 86>
Package pdftex.def Info: part1.pdf , page86 used on input line 13.
(pdftex.def)             Requested size: 211.26074pt x 149.3767pt.
File: part1.pdf Graphic file (type pdf)
<use part1.pdf, page 86>
Package pdftex.def Info: part1.pdf , page86 used on input line 13.
(pdftex.def)             Requested size: 211.26074pt x 149.3767pt.
File: part1.pdf Graphic file (type pdf)
<use part1.pdf, page 86>
Package pdftex.def Info: part1.pdf , page86 used on input line 13.
(pdftex.def)             Requested size: 211.26074pt x 149.3767pt.
 [43

 <./part1.pdf>]
File: part1.pdf Graphic file (type pdf)
<use part1.pdf>
Package pdftex.def Info: part1.pdf  used on input line 13.
(pdftex.def)             Requested size: 211.26074pt x 149.3767pt.
File: part1.pdf Graphic file (type pdf)
<use part1.pdf>
Package pdftex.def Info: part1.pdf  used on input line 13.
(pdftex.def)             Requested size: 211.26074pt x 149.3767pt.
<part1.pdf, id=285, page=88, 211.26128pt x 149.37708pt>
File: part1.pdf Graphic file (type pdf)
<use part1.pdf, page 88>
Package pdftex.def Info: part1.pdf , page88 used on input line 13.
(pdftex.def)             Requested size: 211.26074pt x 149.3767pt.
File: part1.pdf Graphic file (type pdf)
<use part1.pdf, page 88>
Package pdftex.def Info: part1.pdf , page88 used on input line 13.
(pdftex.def)             Requested size: 211.26074pt x 149.3767pt.
File: part1.pdf Graphic file (type pdf)
<use part1.pdf, page 88>
Package pdftex.def Info: part1.pdf , page88 used on input line 13.
(pdftex.def)             Requested size: 211.26074pt x 149.3767pt.
File: part1.pdf Graphic file (type pdf)
<use part1.pdf, page 88>
Package pdftex.def Info: part1.pdf , page88 used on input line 13.
(pdftex.def)             Requested size: 211.26074pt x 149.3767pt.
File: part1.pdf Graphic file (type pdf)
<use part1.pdf, page 88>
Package pdftex.def Info: part1.pdf , page88 used on input line 13.
(pdftex.def)             Requested size: 211.26074pt x 149.3767pt.
 [44

 <./part1.pdf>]
File: part1.pdf Graphic file (type pdf)
<use part1.pdf>
Package pdftex.def Info: part1.pdf  used on input line 13.
(pdftex.def)             Requested size: 211.26074pt x 149.3767pt.
File: part1.pdf Graphic file (type pdf)
<use part1.pdf>
Package pdftex.def Info: part1.pdf  used on input line 13.
(pdftex.def)             Requested size: 211.26074pt x 149.3767pt.
<part1.pdf, id=291, page=90, 211.26128pt x 149.37708pt>
File: part1.pdf Graphic file (type pdf)
<use part1.pdf, page 90>
Package pdftex.def Info: part1.pdf , page90 used on input line 13.
(pdftex.def)             Requested size: 211.26074pt x 149.3767pt.
File: part1.pdf Graphic file (type pdf)
<use part1.pdf, page 90>
Package pdftex.def Info: part1.pdf , page90 used on input line 13.
(pdftex.def)             Requested size: 211.26074pt x 149.3767pt.
File: part1.pdf Graphic file (type pdf)
<use part1.pdf, page 90>
Package pdftex.def Info: part1.pdf , page90 used on input line 13.
(pdftex.def)             Requested size: 211.26074pt x 149.3767pt.
File: part1.pdf Graphic file (type pdf)
<use part1.pdf, page 90>
Package pdftex.def Info: part1.pdf , page90 used on input line 13.
(pdftex.def)             Requested size: 211.26074pt x 149.3767pt.
File: part1.pdf Graphic file (type pdf)
<use part1.pdf, page 90>
Package pdftex.def Info: part1.pdf , page90 used on input line 13.
(pdftex.def)             Requested size: 211.26074pt x 149.3767pt.
 [45

 <./part1.pdf>]
File: part1.pdf Graphic file (type pdf)
<use part1.pdf>
Package pdftex.def Info: part1.pdf  used on input line 13.
(pdftex.def)             Requested size: 211.26074pt x 149.3767pt.
File: part1.pdf Graphic file (type pdf)
<use part1.pdf>
Package pdftex.def Info: part1.pdf  used on input line 13.
(pdftex.def)             Requested size: 211.26074pt x 149.3767pt.
<part1.pdf, id=297, page=92, 211.26128pt x 149.37708pt>
File: part1.pdf Graphic file (type pdf)
<use part1.pdf, page 92>
Package pdftex.def Info: part1.pdf , page92 used on input line 13.
(pdftex.def)             Requested size: 211.26074pt x 149.3767pt.
File: part1.pdf Graphic file (type pdf)
<use part1.pdf, page 92>
Package pdftex.def Info: part1.pdf , page92 used on input line 13.
(pdftex.def)             Requested size: 211.26074pt x 149.3767pt.
File: part1.pdf Graphic file (type pdf)
<use part1.pdf, page 92>
Package pdftex.def Info: part1.pdf , page92 used on input line 13.
(pdftex.def)             Requested size: 211.26074pt x 149.3767pt.
File: part1.pdf Graphic file (type pdf)
<use part1.pdf, page 92>
Package pdftex.def Info: part1.pdf , page92 used on input line 13.
(pdftex.def)             Requested size: 211.26074pt x 149.3767pt.
File: part1.pdf Graphic file (type pdf)
<use part1.pdf, page 92>
Package pdftex.def Info: part1.pdf , page92 used on input line 13.
(pdftex.def)             Requested size: 211.26074pt x 149.3767pt.
 [46

 <./part1.pdf>]
File: part1.pdf Graphic file (type pdf)
<use part1.pdf>
Package pdftex.def Info: part1.pdf  used on input line 13.
(pdftex.def)             Requested size: 211.26074pt x 149.3767pt.
File: part1.pdf Graphic file (type pdf)
<use part1.pdf>
Package pdftex.def Info: part1.pdf  used on input line 13.
(pdftex.def)             Requested size: 211.26074pt x 149.3767pt.
<part1.pdf, id=303, page=94, 211.26128pt x 149.37708pt>
File: part1.pdf Graphic file (type pdf)
<use part1.pdf, page 94>
Package pdftex.def Info: part1.pdf , page94 used on input line 13.
(pdftex.def)             Requested size: 211.26074pt x 149.3767pt.
File: part1.pdf Graphic file (type pdf)
<use part1.pdf, page 94>
Package pdftex.def Info: part1.pdf , page94 used on input line 13.
(pdftex.def)             Requested size: 211.26074pt x 149.3767pt.
File: part1.pdf Graphic file (type pdf)
<use part1.pdf, page 94>
Package pdftex.def Info: part1.pdf , page94 used on input line 13.
(pdftex.def)             Requested size: 211.26074pt x 149.3767pt.
File: part1.pdf Graphic file (type pdf)
<use part1.pdf, page 94>
Package pdftex.def Info: part1.pdf , page94 used on input line 13.
(pdftex.def)             Requested size: 211.26074pt x 149.3767pt.
File: part1.pdf Graphic file (type pdf)
<use part1.pdf, page 94>
Package pdftex.def Info: part1.pdf , page94 used on input line 13.
(pdftex.def)             Requested size: 211.26074pt x 149.3767pt.
 [47

 <./part1.pdf>]
File: part1.pdf Graphic file (type pdf)
<use part1.pdf>
Package pdftex.def Info: part1.pdf  used on input line 13.
(pdftex.def)             Requested size: 211.26074pt x 149.3767pt.
File: part1.pdf Graphic file (type pdf)
<use part1.pdf>
Package pdftex.def Info: part1.pdf  used on input line 13.
(pdftex.def)             Requested size: 211.26074pt x 149.3767pt.
<part1.pdf, id=310, page=96, 211.26128pt x 149.37708pt>
File: part1.pdf Graphic file (type pdf)
<use part1.pdf, page 96>
Package pdftex.def Info: part1.pdf , page96 used on input line 13.
(pdftex.def)             Requested size: 211.26074pt x 149.3767pt.
File: part1.pdf Graphic file (type pdf)
<use part1.pdf, page 96>
Package pdftex.def Info: part1.pdf , page96 used on input line 13.
(pdftex.def)             Requested size: 211.26074pt x 149.3767pt.
File: part1.pdf Graphic file (type pdf)
<use part1.pdf, page 96>
Package pdftex.def Info: part1.pdf , page96 used on input line 13.
(pdftex.def)             Requested size: 211.26074pt x 149.3767pt.
File: part1.pdf Graphic file (type pdf)
<use part1.pdf, page 96>
Package pdftex.def Info: part1.pdf , page96 used on input line 13.
(pdftex.def)             Requested size: 211.26074pt x 149.3767pt.
File: part1.pdf Graphic file (type pdf)
<use part1.pdf, page 96>
Package pdftex.def Info: part1.pdf , page96 used on input line 13.
(pdftex.def)             Requested size: 211.26074pt x 149.3767pt.
 [48

 <./part1.pdf>] (./part3a.aux)
 ***********
LaTeX2e <2023-11-01> patch level 1
L3 programming layer <2024-01-22>
 ***********
 ) 
Here is how much of TeX's memory you used:
 2856 strings out of 474222
 47934 string characters out of 5748733
 1924975 words of memory out of 5000000
 25115 multiletter control sequences out of 15000+600000
 558069 words of font info for 36 fonts, out of 8000000 for 9000
 1141 hyphenation exceptions out of 8191
 72i,14n,79p,301b,386s stack positions out of 10000i,1000n,20000p,200000b,200000s
</usr/share/texlive/texmf-dist/fonts/type1/public/amsfonts/cm/cmbx10.pfb></usr/share/texlive/texmf-dist/fonts/type1/public/amsfonts/cm/cmr10.pfb>
Output written on part3a.pdf (48 pages, 77773 bytes).
PDF statistics:
 321 PDF objects out of 1000 (max. 8388607)
 119 compressed objects within 2 object streams
 0 named destinations out of 1000 (max. 500000)
 731 words of extra memory for PDF output out of 10000 (max. 10000000)

